Wed Dec 14 14:11:07 CET 2022
C:\Users\N0009485\.m2\repository\com\jcabi\jcabi-aspects\0.24.1\jcabi-aspects-0.24.1.jar!com\jcabi\aspects\aj\ImmutabilityChecker.class [warning] can not build thisJoinPoint lazily for this advice since it has no suitable guard [Xlint:noGuardForLazyTjp]
	
C:\Users\N0009485\.m2\repository\com\jcabi\jcabi-aspects\0.24.1\jcabi-aspects-0.24.1.jar!com\jcabi\aspects\aj\MethodCacher.class [warning] can not build thisJoinPoint lazily for this advice since it has no suitable guard [Xlint:noGuardForLazyTjp]
	
C:\Users\N0009485\.m2\repository\com\jcabi\jcabi-aspects\0.24.1\jcabi-aspects-0.24.1.jar!com\jcabi\aspects\aj\MethodCacher.class [warning] can not build thisJoinPoint lazily for this advice since it has no suitable guard [Xlint:noGuardForLazyTjp]
	
C:\Users\N0009485\.m2\repository\com\jcabi\jcabi-aspects\0.24.1\jcabi-aspects-0.24.1.jar!com\jcabi\aspects\aj\MethodScheduler.class [warning] can not build thisJoinPoint lazily for this advice since it has no suitable guard [Xlint:noGuardForLazyTjp]
	
C:\Users\N0009485\.m2\repository\com\jcabi\jcabi-aspects\0.24.1\jcabi-aspects-0.24.1.jar!com\jcabi\aspects\aj\MethodScheduler.class [warning] can not build thisJoinPoint lazily for this advice since it has no suitable guard [Xlint:noGuardForLazyTjp]
	
C:\Users\N0009485\.m2\repository\com\jcabi\jcabi-aspects\0.24.1\jcabi-aspects-0.24.1.jar!com\jcabi\aspects\aj\MethodValidator.class [warning] can not build thisJoinPoint lazily for this advice since it has no suitable guard [Xlint:noGuardForLazyTjp]
	
C:\Users\N0009485\.m2\repository\com\jcabi\jcabi-aspects\0.24.1\jcabi-aspects-0.24.1.jar!com\jcabi\aspects\aj\MethodValidator.class [warning] can not build thisJoinPoint lazily for this advice since it has no suitable guard [Xlint:noGuardForLazyTjp]
	
C:\Users\N0009485\.m2\repository\com\jcabi\jcabi-aspects\0.24.1\jcabi-aspects-0.24.1.jar!com\jcabi\aspects\aj\MethodValidator.class [warning] can not build thisJoinPoint lazily for this advice since it has no suitable guard [Xlint:noGuardForLazyTjp]
	
C:\Users\N0009485\.m2\repository\com\jcabi\jcabi-aspects\0.24.1\jcabi-aspects-0.24.1.jar!com\jcabi\aspects\aj\ImmutabilityChecker.class [warning] can not build thisJoinPoint lazily for this advice since it has no suitable guard [Xlint:noGuardForLazyTjp]
	
C:\Users\N0009485\.m2\repository\com\jcabi\jcabi-aspects\0.24.1\jcabi-aspects-0.24.1.jar!com\jcabi\aspects\aj\MethodCacher.class [warning] can not build thisJoinPoint lazily for this advice since it has no suitable guard [Xlint:noGuardForLazyTjp]
	
C:\Users\N0009485\.m2\repository\com\jcabi\jcabi-aspects\0.24.1\jcabi-aspects-0.24.1.jar!com\jcabi\aspects\aj\MethodCacher.class [warning] can not build thisJoinPoint lazily for this advice since it has no suitable guard [Xlint:noGuardForLazyTjp]
	
C:\Users\N0009485\.m2\repository\com\jcabi\jcabi-aspects\0.24.1\jcabi-aspects-0.24.1.jar!com\jcabi\aspects\aj\MethodScheduler.class [warning] can not build thisJoinPoint lazily for this advice since it has no suitable guard [Xlint:noGuardForLazyTjp]
	
C:\Users\N0009485\.m2\repository\com\jcabi\jcabi-aspects\0.24.1\jcabi-aspects-0.24.1.jar!com\jcabi\aspects\aj\MethodScheduler.class [warning] can not build thisJoinPoint lazily for this advice since it has no suitable guard [Xlint:noGuardForLazyTjp]
	
C:\Users\N0009485\.m2\repository\com\jcabi\jcabi-aspects\0.24.1\jcabi-aspects-0.24.1.jar!com\jcabi\aspects\aj\MethodValidator.class [warning] can not build thisJoinPoint lazily for this advice since it has no suitable guard [Xlint:noGuardForLazyTjp]
	
C:\Users\N0009485\.m2\repository\com\jcabi\jcabi-aspects\0.24.1\jcabi-aspects-0.24.1.jar!com\jcabi\aspects\aj\MethodValidator.class [warning] can not build thisJoinPoint lazily for this advice since it has no suitable guard [Xlint:noGuardForLazyTjp]
	
C:\Users\N0009485\.m2\repository\com\jcabi\jcabi-aspects\0.24.1\jcabi-aspects-0.24.1.jar!com\jcabi\aspects\aj\MethodValidator.class [warning] can not build thisJoinPoint lazily for this advice since it has no suitable guard [Xlint:noGuardForLazyTjp]
	
demo\RouteController.java:36 [warning] can not implement lazyTjp on this joinpoint method-execution(org.springframework.http.ResponseEntity demo.RouteController.add(int, int)) because around advice is used [Xlint:canNotImplementLazyTjp]
	
	see also: C:\Users\N0009485\.m2\repository\com\jcabi\jcabi-aspects\0.24.1\jcabi-aspects-0.24.1.jar!com\jcabi\aspects\aj\MethodLogger.class::0
Join point 'method-execution(org.springframework.http.ResponseEntity demo.RouteController.add(int, int))' in Type 'demo.RouteController' (RouteController.java:36) advised by around advice from 'com.jcabi.aspects.aj.MethodLogger' (jcabi-aspects-0.24.1.jar!MethodLogger.class(from MethodLogger.java))
	
C:\Users\N0009485\.m2\repository\com\jcabi\jcabi-aspects\0.24.1\jcabi-aspects-0.24.1.jar!com\jcabi\aspects\aj\MethodLogger.class [warning] advice defined in com.jcabi.aspects.aj.MethodLogger has not been applied [Xlint:adviceDidNotMatch]
	
C:\Users\N0009485\.m2\repository\com\jcabi\jcabi-aspects\0.24.1\jcabi-aspects-0.24.1.jar!com\jcabi\aspects\aj\ImmutabilityChecker.class [warning] advice defined in com.jcabi.aspects.aj.ImmutabilityChecker has not been applied [Xlint:adviceDidNotMatch]
	
C:\Users\N0009485\.m2\repository\com\jcabi\jcabi-aspects\0.24.1\jcabi-aspects-0.24.1.jar!com\jcabi\aspects\aj\MethodScheduler.class [warning] advice defined in com.jcabi.aspects.aj.MethodScheduler has not been applied [Xlint:adviceDidNotMatch]
	
C:\Users\N0009485\.m2\repository\com\jcabi\jcabi-aspects\0.24.1\jcabi-aspects-0.24.1.jar!com\jcabi\aspects\aj\ExceptionsLogger.class [warning] advice defined in com.jcabi.aspects.aj.ExceptionsLogger has not been applied [Xlint:adviceDidNotMatch]
	
C:\Users\N0009485\.m2\repository\com\jcabi\jcabi-aspects\0.24.1\jcabi-aspects-0.24.1.jar!com\jcabi\aspects\aj\Repeater.class [warning] advice defined in com.jcabi.aspects.aj.Repeater has not been applied [Xlint:adviceDidNotMatch]
	
C:\Users\N0009485\.m2\repository\com\jcabi\jcabi-aspects\0.24.1\jcabi-aspects-0.24.1.jar!com\jcabi\aspects\aj\MethodValidator.class [warning] advice defined in com.jcabi.aspects.aj.MethodValidator has not been applied [Xlint:adviceDidNotMatch]
	
C:\Users\N0009485\.m2\repository\com\jcabi\jcabi-aspects\0.24.1\jcabi-aspects-0.24.1.jar!com\jcabi\aspects\aj\SingleException.class [warning] advice defined in com.jcabi.aspects.aj.SingleException has not been applied [Xlint:adviceDidNotMatch]
	
C:\Users\N0009485\.m2\repository\com\jcabi\jcabi-aspects\0.24.1\jcabi-aspects-0.24.1.jar!com\jcabi\aspects\aj\MethodInterrupter.class [warning] advice defined in com.jcabi.aspects.aj.MethodInterrupter has not been applied [Xlint:adviceDidNotMatch]
	
C:\Users\N0009485\.m2\repository\com\jcabi\jcabi-aspects\0.24.1\jcabi-aspects-0.24.1.jar!com\jcabi\aspects\aj\QuietExceptionsLogger.class [warning] advice defined in com.jcabi.aspects.aj.QuietExceptionsLogger has not been applied [Xlint:adviceDidNotMatch]
	
C:\Users\N0009485\.m2\repository\com\jcabi\jcabi-aspects\0.24.1\jcabi-aspects-0.24.1.jar!com\jcabi\aspects\aj\Parallelizer.class [warning] advice defined in com.jcabi.aspects.aj.Parallelizer has not been applied [Xlint:adviceDidNotMatch]
	
C:\Users\N0009485\.m2\repository\com\jcabi\jcabi-aspects\0.24.1\jcabi-aspects-0.24.1.jar!com\jcabi\aspects\aj\MethodAsyncRunner.class [warning] advice defined in com.jcabi.aspects.aj.MethodAsyncRunner has not been applied [Xlint:adviceDidNotMatch]
	
C:\Users\N0009485\.m2\repository\com\jcabi\jcabi-aspects\0.24.1\jcabi-aspects-0.24.1.jar!com\jcabi\aspects\aj\MethodCacher.class [warning] advice defined in com.jcabi.aspects.aj.MethodCacher has not been applied [Xlint:adviceDidNotMatch]
	
Wed Dec 14 14:11:24 CET 2022
C:\Users\N0009485\.m2\repository\com\jcabi\jcabi-aspects\0.24.1\jcabi-aspects-0.24.1.jar!com\jcabi\aspects\aj\ImmutabilityChecker.class [warning] can not build thisJoinPoint lazily for this advice since it has no suitable guard [Xlint:noGuardForLazyTjp]
	
C:\Users\N0009485\.m2\repository\com\jcabi\jcabi-aspects\0.24.1\jcabi-aspects-0.24.1.jar!com\jcabi\aspects\aj\MethodCacher.class [warning] can not build thisJoinPoint lazily for this advice since it has no suitable guard [Xlint:noGuardForLazyTjp]
	
C:\Users\N0009485\.m2\repository\com\jcabi\jcabi-aspects\0.24.1\jcabi-aspects-0.24.1.jar!com\jcabi\aspects\aj\MethodCacher.class [warning] can not build thisJoinPoint lazily for this advice since it has no suitable guard [Xlint:noGuardForLazyTjp]
	
C:\Users\N0009485\.m2\repository\com\jcabi\jcabi-aspects\0.24.1\jcabi-aspects-0.24.1.jar!com\jcabi\aspects\aj\MethodScheduler.class [warning] can not build thisJoinPoint lazily for this advice since it has no suitable guard [Xlint:noGuardForLazyTjp]
	
C:\Users\N0009485\.m2\repository\com\jcabi\jcabi-aspects\0.24.1\jcabi-aspects-0.24.1.jar!com\jcabi\aspects\aj\MethodScheduler.class [warning] can not build thisJoinPoint lazily for this advice since it has no suitable guard [Xlint:noGuardForLazyTjp]
	
C:\Users\N0009485\.m2\repository\com\jcabi\jcabi-aspects\0.24.1\jcabi-aspects-0.24.1.jar!com\jcabi\aspects\aj\MethodValidator.class [warning] can not build thisJoinPoint lazily for this advice since it has no suitable guard [Xlint:noGuardForLazyTjp]
	
C:\Users\N0009485\.m2\repository\com\jcabi\jcabi-aspects\0.24.1\jcabi-aspects-0.24.1.jar!com\jcabi\aspects\aj\MethodValidator.class [warning] can not build thisJoinPoint lazily for this advice since it has no suitable guard [Xlint:noGuardForLazyTjp]
	
C:\Users\N0009485\.m2\repository\com\jcabi\jcabi-aspects\0.24.1\jcabi-aspects-0.24.1.jar!com\jcabi\aspects\aj\MethodValidator.class [warning] can not build thisJoinPoint lazily for this advice since it has no suitable guard [Xlint:noGuardForLazyTjp]
	
C:\Users\N0009485\.m2\repository\com\jcabi\jcabi-aspects\0.24.1\jcabi-aspects-0.24.1.jar!com\jcabi\aspects\aj\ImmutabilityChecker.class [warning] can not build thisJoinPoint lazily for this advice since it has no suitable guard [Xlint:noGuardForLazyTjp]
	
C:\Users\N0009485\.m2\repository\com\jcabi\jcabi-aspects\0.24.1\jcabi-aspects-0.24.1.jar!com\jcabi\aspects\aj\MethodCacher.class [warning] can not build thisJoinPoint lazily for this advice since it has no suitable guard [Xlint:noGuardForLazyTjp]
	
C:\Users\N0009485\.m2\repository\com\jcabi\jcabi-aspects\0.24.1\jcabi-aspects-0.24.1.jar!com\jcabi\aspects\aj\MethodCacher.class [warning] can not build thisJoinPoint lazily for this advice since it has no suitable guard [Xlint:noGuardForLazyTjp]
	
C:\Users\N0009485\.m2\repository\com\jcabi\jcabi-aspects\0.24.1\jcabi-aspects-0.24.1.jar!com\jcabi\aspects\aj\MethodScheduler.class [warning] can not build thisJoinPoint lazily for this advice since it has no suitable guard [Xlint:noGuardForLazyTjp]
	
C:\Users\N0009485\.m2\repository\com\jcabi\jcabi-aspects\0.24.1\jcabi-aspects-0.24.1.jar!com\jcabi\aspects\aj\MethodScheduler.class [warning] can not build thisJoinPoint lazily for this advice since it has no suitable guard [Xlint:noGuardForLazyTjp]
	
C:\Users\N0009485\.m2\repository\com\jcabi\jcabi-aspects\0.24.1\jcabi-aspects-0.24.1.jar!com\jcabi\aspects\aj\MethodValidator.class [warning] can not build thisJoinPoint lazily for this advice since it has no suitable guard [Xlint:noGuardForLazyTjp]
	
C:\Users\N0009485\.m2\repository\com\jcabi\jcabi-aspects\0.24.1\jcabi-aspects-0.24.1.jar!com\jcabi\aspects\aj\MethodValidator.class [warning] can not build thisJoinPoint lazily for this advice since it has no suitable guard [Xlint:noGuardForLazyTjp]
	
C:\Users\N0009485\.m2\repository\com\jcabi\jcabi-aspects\0.24.1\jcabi-aspects-0.24.1.jar!com\jcabi\aspects\aj\MethodValidator.class [warning] can not build thisJoinPoint lazily for this advice since it has no suitable guard [Xlint:noGuardForLazyTjp]
	
demo\RouteController.java:36 [warning] can not implement lazyTjp on this joinpoint method-execution(org.springframework.http.ResponseEntity demo.RouteController.add(int, int)) because around advice is used [Xlint:canNotImplementLazyTjp]
	
	see also: C:\Users\N0009485\.m2\repository\com\jcabi\jcabi-aspects\0.24.1\jcabi-aspects-0.24.1.jar!com\jcabi\aspects\aj\MethodLogger.class::0
Join point 'method-execution(org.springframework.http.ResponseEntity demo.RouteController.add(int, int))' in Type 'demo.RouteController' (RouteController.java:36) advised by around advice from 'com.jcabi.aspects.aj.MethodLogger' (jcabi-aspects-0.24.1.jar!MethodLogger.class(from MethodLogger.java))
	
C:\Users\N0009485\.m2\repository\com\jcabi\jcabi-aspects\0.24.1\jcabi-aspects-0.24.1.jar!com\jcabi\aspects\aj\MethodLogger.class [warning] advice defined in com.jcabi.aspects.aj.MethodLogger has not been applied [Xlint:adviceDidNotMatch]
	
C:\Users\N0009485\.m2\repository\com\jcabi\jcabi-aspects\0.24.1\jcabi-aspects-0.24.1.jar!com\jcabi\aspects\aj\ImmutabilityChecker.class [warning] advice defined in com.jcabi.aspects.aj.ImmutabilityChecker has not been applied [Xlint:adviceDidNotMatch]
	
C:\Users\N0009485\.m2\repository\com\jcabi\jcabi-aspects\0.24.1\jcabi-aspects-0.24.1.jar!com\jcabi\aspects\aj\MethodScheduler.class [warning] advice defined in com.jcabi.aspects.aj.MethodScheduler has not been applied [Xlint:adviceDidNotMatch]
	
C:\Users\N0009485\.m2\repository\com\jcabi\jcabi-aspects\0.24.1\jcabi-aspects-0.24.1.jar!com\jcabi\aspects\aj\ExceptionsLogger.class [warning] advice defined in com.jcabi.aspects.aj.ExceptionsLogger has not been applied [Xlint:adviceDidNotMatch]
	
C:\Users\N0009485\.m2\repository\com\jcabi\jcabi-aspects\0.24.1\jcabi-aspects-0.24.1.jar!com\jcabi\aspects\aj\Repeater.class [warning] advice defined in com.jcabi.aspects.aj.Repeater has not been applied [Xlint:adviceDidNotMatch]
	
C:\Users\N0009485\.m2\repository\com\jcabi\jcabi-aspects\0.24.1\jcabi-aspects-0.24.1.jar!com\jcabi\aspects\aj\MethodValidator.class [warning] advice defined in com.jcabi.aspects.aj.MethodValidator has not been applied [Xlint:adviceDidNotMatch]
	
C:\Users\N0009485\.m2\repository\com\jcabi\jcabi-aspects\0.24.1\jcabi-aspects-0.24.1.jar!com\jcabi\aspects\aj\SingleException.class [warning] advice defined in com.jcabi.aspects.aj.SingleException has not been applied [Xlint:adviceDidNotMatch]
	
C:\Users\N0009485\.m2\repository\com\jcabi\jcabi-aspects\0.24.1\jcabi-aspects-0.24.1.jar!com\jcabi\aspects\aj\MethodInterrupter.class [warning] advice defined in com.jcabi.aspects.aj.MethodInterrupter has not been applied [Xlint:adviceDidNotMatch]
	
C:\Users\N0009485\.m2\repository\com\jcabi\jcabi-aspects\0.24.1\jcabi-aspects-0.24.1.jar!com\jcabi\aspects\aj\QuietExceptionsLogger.class [warning] advice defined in com.jcabi.aspects.aj.QuietExceptionsLogger has not been applied [Xlint:adviceDidNotMatch]
	
C:\Users\N0009485\.m2\repository\com\jcabi\jcabi-aspects\0.24.1\jcabi-aspects-0.24.1.jar!com\jcabi\aspects\aj\Parallelizer.class [warning] advice defined in com.jcabi.aspects.aj.Parallelizer has not been applied [Xlint:adviceDidNotMatch]
	
C:\Users\N0009485\.m2\repository\com\jcabi\jcabi-aspects\0.24.1\jcabi-aspects-0.24.1.jar!com\jcabi\aspects\aj\MethodAsyncRunner.class [warning] advice defined in com.jcabi.aspects.aj.MethodAsyncRunner has not been applied [Xlint:adviceDidNotMatch]
	
C:\Users\N0009485\.m2\repository\com\jcabi\jcabi-aspects\0.24.1\jcabi-aspects-0.24.1.jar!com\jcabi\aspects\aj\MethodCacher.class [warning] advice defined in com.jcabi.aspects.aj.MethodCacher has not been applied [Xlint:adviceDidNotMatch]
	
Wed Dec 14 14:14:45 CET 2022
C:\Users\N0009485\.m2\repository\com\jcabi\jcabi-aspects\0.24.1\jcabi-aspects-0.24.1.jar!com\jcabi\aspects\aj\ImmutabilityChecker.class [warning] can not build thisJoinPoint lazily for this advice since it has no suitable guard [Xlint:noGuardForLazyTjp]
	
C:\Users\N0009485\.m2\repository\com\jcabi\jcabi-aspects\0.24.1\jcabi-aspects-0.24.1.jar!com\jcabi\aspects\aj\MethodCacher.class [warning] can not build thisJoinPoint lazily for this advice since it has no suitable guard [Xlint:noGuardForLazyTjp]
	
C:\Users\N0009485\.m2\repository\com\jcabi\jcabi-aspects\0.24.1\jcabi-aspects-0.24.1.jar!com\jcabi\aspects\aj\MethodCacher.class [warning] can not build thisJoinPoint lazily for this advice since it has no suitable guard [Xlint:noGuardForLazyTjp]
	
C:\Users\N0009485\.m2\repository\com\jcabi\jcabi-aspects\0.24.1\jcabi-aspects-0.24.1.jar!com\jcabi\aspects\aj\MethodScheduler.class [warning] can not build thisJoinPoint lazily for this advice since it has no suitable guard [Xlint:noGuardForLazyTjp]
	
C:\Users\N0009485\.m2\repository\com\jcabi\jcabi-aspects\0.24.1\jcabi-aspects-0.24.1.jar!com\jcabi\aspects\aj\MethodScheduler.class [warning] can not build thisJoinPoint lazily for this advice since it has no suitable guard [Xlint:noGuardForLazyTjp]
	
C:\Users\N0009485\.m2\repository\com\jcabi\jcabi-aspects\0.24.1\jcabi-aspects-0.24.1.jar!com\jcabi\aspects\aj\MethodValidator.class [warning] can not build thisJoinPoint lazily for this advice since it has no suitable guard [Xlint:noGuardForLazyTjp]
	
C:\Users\N0009485\.m2\repository\com\jcabi\jcabi-aspects\0.24.1\jcabi-aspects-0.24.1.jar!com\jcabi\aspects\aj\MethodValidator.class [warning] can not build thisJoinPoint lazily for this advice since it has no suitable guard [Xlint:noGuardForLazyTjp]
	
C:\Users\N0009485\.m2\repository\com\jcabi\jcabi-aspects\0.24.1\jcabi-aspects-0.24.1.jar!com\jcabi\aspects\aj\MethodValidator.class [warning] can not build thisJoinPoint lazily for this advice since it has no suitable guard [Xlint:noGuardForLazyTjp]
	
C:\Users\N0009485\.m2\repository\com\jcabi\jcabi-aspects\0.24.1\jcabi-aspects-0.24.1.jar!com\jcabi\aspects\aj\ImmutabilityChecker.class [warning] can not build thisJoinPoint lazily for this advice since it has no suitable guard [Xlint:noGuardForLazyTjp]
	
C:\Users\N0009485\.m2\repository\com\jcabi\jcabi-aspects\0.24.1\jcabi-aspects-0.24.1.jar!com\jcabi\aspects\aj\MethodCacher.class [warning] can not build thisJoinPoint lazily for this advice since it has no suitable guard [Xlint:noGuardForLazyTjp]
	
C:\Users\N0009485\.m2\repository\com\jcabi\jcabi-aspects\0.24.1\jcabi-aspects-0.24.1.jar!com\jcabi\aspects\aj\MethodCacher.class [warning] can not build thisJoinPoint lazily for this advice since it has no suitable guard [Xlint:noGuardForLazyTjp]
	
C:\Users\N0009485\.m2\repository\com\jcabi\jcabi-aspects\0.24.1\jcabi-aspects-0.24.1.jar!com\jcabi\aspects\aj\MethodScheduler.class [warning] can not build thisJoinPoint lazily for this advice since it has no suitable guard [Xlint:noGuardForLazyTjp]
	
C:\Users\N0009485\.m2\repository\com\jcabi\jcabi-aspects\0.24.1\jcabi-aspects-0.24.1.jar!com\jcabi\aspects\aj\MethodScheduler.class [warning] can not build thisJoinPoint lazily for this advice since it has no suitable guard [Xlint:noGuardForLazyTjp]
	
C:\Users\N0009485\.m2\repository\com\jcabi\jcabi-aspects\0.24.1\jcabi-aspects-0.24.1.jar!com\jcabi\aspects\aj\MethodValidator.class [warning] can not build thisJoinPoint lazily for this advice since it has no suitable guard [Xlint:noGuardForLazyTjp]
	
C:\Users\N0009485\.m2\repository\com\jcabi\jcabi-aspects\0.24.1\jcabi-aspects-0.24.1.jar!com\jcabi\aspects\aj\MethodValidator.class [warning] can not build thisJoinPoint lazily for this advice since it has no suitable guard [Xlint:noGuardForLazyTjp]
	
C:\Users\N0009485\.m2\repository\com\jcabi\jcabi-aspects\0.24.1\jcabi-aspects-0.24.1.jar!com\jcabi\aspects\aj\MethodValidator.class [warning] can not build thisJoinPoint lazily for this advice since it has no suitable guard [Xlint:noGuardForLazyTjp]
	
demo\RouteController.java:21 [warning] can not implement lazyTjp on this joinpoint method-execution(org.springframework.http.ResponseEntity demo.RouteController.getHello(java.lang.String)) because around advice is used [Xlint:canNotImplementLazyTjp]
	
	see also: C:\Users\N0009485\.m2\repository\com\jcabi\jcabi-aspects\0.24.1\jcabi-aspects-0.24.1.jar!com\jcabi\aspects\aj\MethodLogger.class::0
Join point 'method-execution(org.springframework.http.ResponseEntity demo.RouteController.getHello(java.lang.String))' in Type 'demo.RouteController' (RouteController.java:21) advised by around advice from 'com.jcabi.aspects.aj.MethodLogger' (jcabi-aspects-0.24.1.jar!MethodLogger.class(from MethodLogger.java))
	
demo\RouteController.java:38 [warning] can not implement lazyTjp on this joinpoint method-execution(org.springframework.http.ResponseEntity demo.RouteController.add(int, int)) because around advice is used [Xlint:canNotImplementLazyTjp]
	
	see also: C:\Users\N0009485\.m2\repository\com\jcabi\jcabi-aspects\0.24.1\jcabi-aspects-0.24.1.jar!com\jcabi\aspects\aj\MethodLogger.class::0
Join point 'method-execution(org.springframework.http.ResponseEntity demo.RouteController.add(int, int))' in Type 'demo.RouteController' (RouteController.java:38) advised by around advice from 'com.jcabi.aspects.aj.MethodLogger' (jcabi-aspects-0.24.1.jar!MethodLogger.class(from MethodLogger.java))
	
C:\Users\N0009485\.m2\repository\com\jcabi\jcabi-aspects\0.24.1\jcabi-aspects-0.24.1.jar!com\jcabi\aspects\aj\MethodLogger.class [warning] advice defined in com.jcabi.aspects.aj.MethodLogger has not been applied [Xlint:adviceDidNotMatch]
	
C:\Users\N0009485\.m2\repository\com\jcabi\jcabi-aspects\0.24.1\jcabi-aspects-0.24.1.jar!com\jcabi\aspects\aj\ImmutabilityChecker.class [warning] advice defined in com.jcabi.aspects.aj.ImmutabilityChecker has not been applied [Xlint:adviceDidNotMatch]
	
C:\Users\N0009485\.m2\repository\com\jcabi\jcabi-aspects\0.24.1\jcabi-aspects-0.24.1.jar!com\jcabi\aspects\aj\MethodScheduler.class [warning] advice defined in com.jcabi.aspects.aj.MethodScheduler has not been applied [Xlint:adviceDidNotMatch]
	
C:\Users\N0009485\.m2\repository\com\jcabi\jcabi-aspects\0.24.1\jcabi-aspects-0.24.1.jar!com\jcabi\aspects\aj\ExceptionsLogger.class [warning] advice defined in com.jcabi.aspects.aj.ExceptionsLogger has not been applied [Xlint:adviceDidNotMatch]
	
C:\Users\N0009485\.m2\repository\com\jcabi\jcabi-aspects\0.24.1\jcabi-aspects-0.24.1.jar!com\jcabi\aspects\aj\Repeater.class [warning] advice defined in com.jcabi.aspects.aj.Repeater has not been applied [Xlint:adviceDidNotMatch]
	
C:\Users\N0009485\.m2\repository\com\jcabi\jcabi-aspects\0.24.1\jcabi-aspects-0.24.1.jar!com\jcabi\aspects\aj\MethodValidator.class [warning] advice defined in com.jcabi.aspects.aj.MethodValidator has not been applied [Xlint:adviceDidNotMatch]
	
C:\Users\N0009485\.m2\repository\com\jcabi\jcabi-aspects\0.24.1\jcabi-aspects-0.24.1.jar!com\jcabi\aspects\aj\SingleException.class [warning] advice defined in com.jcabi.aspects.aj.SingleException has not been applied [Xlint:adviceDidNotMatch]
	
C:\Users\N0009485\.m2\repository\com\jcabi\jcabi-aspects\0.24.1\jcabi-aspects-0.24.1.jar!com\jcabi\aspects\aj\MethodInterrupter.class [warning] advice defined in com.jcabi.aspects.aj.MethodInterrupter has not been applied [Xlint:adviceDidNotMatch]
	
C:\Users\N0009485\.m2\repository\com\jcabi\jcabi-aspects\0.24.1\jcabi-aspects-0.24.1.jar!com\jcabi\aspects\aj\QuietExceptionsLogger.class [warning] advice defined in com.jcabi.aspects.aj.QuietExceptionsLogger has not been applied [Xlint:adviceDidNotMatch]
	
C:\Users\N0009485\.m2\repository\com\jcabi\jcabi-aspects\0.24.1\jcabi-aspects-0.24.1.jar!com\jcabi\aspects\aj\Parallelizer.class [warning] advice defined in com.jcabi.aspects.aj.Parallelizer has not been applied [Xlint:adviceDidNotMatch]
	
C:\Users\N0009485\.m2\repository\com\jcabi\jcabi-aspects\0.24.1\jcabi-aspects-0.24.1.jar!com\jcabi\aspects\aj\MethodAsyncRunner.class [warning] advice defined in com.jcabi.aspects.aj.MethodAsyncRunner has not been applied [Xlint:adviceDidNotMatch]
	
C:\Users\N0009485\.m2\repository\com\jcabi\jcabi-aspects\0.24.1\jcabi-aspects-0.24.1.jar!com\jcabi\aspects\aj\MethodCacher.class [warning] advice defined in com.jcabi.aspects.aj.MethodCacher has not been applied [Xlint:adviceDidNotMatch]
	
Wed Dec 14 14:17:37 CET 2022
C:\Users\N0009485\.m2\repository\com\jcabi\jcabi-aspects\0.24.1\jcabi-aspects-0.24.1.jar!com\jcabi\aspects\aj\ImmutabilityChecker.class [warning] can not build thisJoinPoint lazily for this advice since it has no suitable guard [Xlint:noGuardForLazyTjp]
	
C:\Users\N0009485\.m2\repository\com\jcabi\jcabi-aspects\0.24.1\jcabi-aspects-0.24.1.jar!com\jcabi\aspects\aj\MethodCacher.class [warning] can not build thisJoinPoint lazily for this advice since it has no suitable guard [Xlint:noGuardForLazyTjp]
	
C:\Users\N0009485\.m2\repository\com\jcabi\jcabi-aspects\0.24.1\jcabi-aspects-0.24.1.jar!com\jcabi\aspects\aj\MethodCacher.class [warning] can not build thisJoinPoint lazily for this advice since it has no suitable guard [Xlint:noGuardForLazyTjp]
	
C:\Users\N0009485\.m2\repository\com\jcabi\jcabi-aspects\0.24.1\jcabi-aspects-0.24.1.jar!com\jcabi\aspects\aj\MethodScheduler.class [warning] can not build thisJoinPoint lazily for this advice since it has no suitable guard [Xlint:noGuardForLazyTjp]
	
C:\Users\N0009485\.m2\repository\com\jcabi\jcabi-aspects\0.24.1\jcabi-aspects-0.24.1.jar!com\jcabi\aspects\aj\MethodScheduler.class [warning] can not build thisJoinPoint lazily for this advice since it has no suitable guard [Xlint:noGuardForLazyTjp]
	
C:\Users\N0009485\.m2\repository\com\jcabi\jcabi-aspects\0.24.1\jcabi-aspects-0.24.1.jar!com\jcabi\aspects\aj\MethodValidator.class [warning] can not build thisJoinPoint lazily for this advice since it has no suitable guard [Xlint:noGuardForLazyTjp]
	
C:\Users\N0009485\.m2\repository\com\jcabi\jcabi-aspects\0.24.1\jcabi-aspects-0.24.1.jar!com\jcabi\aspects\aj\MethodValidator.class [warning] can not build thisJoinPoint lazily for this advice since it has no suitable guard [Xlint:noGuardForLazyTjp]
	
C:\Users\N0009485\.m2\repository\com\jcabi\jcabi-aspects\0.24.1\jcabi-aspects-0.24.1.jar!com\jcabi\aspects\aj\MethodValidator.class [warning] can not build thisJoinPoint lazily for this advice since it has no suitable guard [Xlint:noGuardForLazyTjp]
	
C:\Users\N0009485\.m2\repository\com\jcabi\jcabi-aspects\0.24.1\jcabi-aspects-0.24.1.jar!com\jcabi\aspects\aj\ImmutabilityChecker.class [warning] can not build thisJoinPoint lazily for this advice since it has no suitable guard [Xlint:noGuardForLazyTjp]
	
C:\Users\N0009485\.m2\repository\com\jcabi\jcabi-aspects\0.24.1\jcabi-aspects-0.24.1.jar!com\jcabi\aspects\aj\MethodCacher.class [warning] can not build thisJoinPoint lazily for this advice since it has no suitable guard [Xlint:noGuardForLazyTjp]
	
C:\Users\N0009485\.m2\repository\com\jcabi\jcabi-aspects\0.24.1\jcabi-aspects-0.24.1.jar!com\jcabi\aspects\aj\MethodCacher.class [warning] can not build thisJoinPoint lazily for this advice since it has no suitable guard [Xlint:noGuardForLazyTjp]
	
C:\Users\N0009485\.m2\repository\com\jcabi\jcabi-aspects\0.24.1\jcabi-aspects-0.24.1.jar!com\jcabi\aspects\aj\MethodScheduler.class [warning] can not build thisJoinPoint lazily for this advice since it has no suitable guard [Xlint:noGuardForLazyTjp]
	
C:\Users\N0009485\.m2\repository\com\jcabi\jcabi-aspects\0.24.1\jcabi-aspects-0.24.1.jar!com\jcabi\aspects\aj\MethodScheduler.class [warning] can not build thisJoinPoint lazily for this advice since it has no suitable guard [Xlint:noGuardForLazyTjp]
	
C:\Users\N0009485\.m2\repository\com\jcabi\jcabi-aspects\0.24.1\jcabi-aspects-0.24.1.jar!com\jcabi\aspects\aj\MethodValidator.class [warning] can not build thisJoinPoint lazily for this advice since it has no suitable guard [Xlint:noGuardForLazyTjp]
	
C:\Users\N0009485\.m2\repository\com\jcabi\jcabi-aspects\0.24.1\jcabi-aspects-0.24.1.jar!com\jcabi\aspects\aj\MethodValidator.class [warning] can not build thisJoinPoint lazily for this advice since it has no suitable guard [Xlint:noGuardForLazyTjp]
	
C:\Users\N0009485\.m2\repository\com\jcabi\jcabi-aspects\0.24.1\jcabi-aspects-0.24.1.jar!com\jcabi\aspects\aj\MethodValidator.class [warning] can not build thisJoinPoint lazily for this advice since it has no suitable guard [Xlint:noGuardForLazyTjp]
	
demo\RouteController.java:21 [warning] can not implement lazyTjp on this joinpoint method-execution(org.springframework.http.ResponseEntity demo.RouteController.getHello(java.lang.String)) because around advice is used [Xlint:canNotImplementLazyTjp]
	
	see also: C:\Users\N0009485\.m2\repository\com\jcabi\jcabi-aspects\0.24.1\jcabi-aspects-0.24.1.jar!com\jcabi\aspects\aj\MethodLogger.class::0
Join point 'method-execution(org.springframework.http.ResponseEntity demo.RouteController.getHello(java.lang.String))' in Type 'demo.RouteController' (RouteController.java:21) advised by around advice from 'com.jcabi.aspects.aj.MethodLogger' (jcabi-aspects-0.24.1.jar!MethodLogger.class(from MethodLogger.java))
	
demo\RouteController.java:38 [warning] can not implement lazyTjp on this joinpoint method-execution(org.springframework.http.ResponseEntity demo.RouteController.add(int, int)) because around advice is used [Xlint:canNotImplementLazyTjp]
	
	see also: C:\Users\N0009485\.m2\repository\com\jcabi\jcabi-aspects\0.24.1\jcabi-aspects-0.24.1.jar!com\jcabi\aspects\aj\MethodLogger.class::0
Join point 'method-execution(org.springframework.http.ResponseEntity demo.RouteController.add(int, int))' in Type 'demo.RouteController' (RouteController.java:38) advised by around advice from 'com.jcabi.aspects.aj.MethodLogger' (jcabi-aspects-0.24.1.jar!MethodLogger.class(from MethodLogger.java))
	
C:\Users\N0009485\.m2\repository\com\jcabi\jcabi-aspects\0.24.1\jcabi-aspects-0.24.1.jar!com\jcabi\aspects\aj\MethodLogger.class [warning] advice defined in com.jcabi.aspects.aj.MethodLogger has not been applied [Xlint:adviceDidNotMatch]
	
C:\Users\N0009485\.m2\repository\com\jcabi\jcabi-aspects\0.24.1\jcabi-aspects-0.24.1.jar!com\jcabi\aspects\aj\ImmutabilityChecker.class [warning] advice defined in com.jcabi.aspects.aj.ImmutabilityChecker has not been applied [Xlint:adviceDidNotMatch]
	
C:\Users\N0009485\.m2\repository\com\jcabi\jcabi-aspects\0.24.1\jcabi-aspects-0.24.1.jar!com\jcabi\aspects\aj\MethodScheduler.class [warning] advice defined in com.jcabi.aspects.aj.MethodScheduler has not been applied [Xlint:adviceDidNotMatch]
	
C:\Users\N0009485\.m2\repository\com\jcabi\jcabi-aspects\0.24.1\jcabi-aspects-0.24.1.jar!com\jcabi\aspects\aj\ExceptionsLogger.class [warning] advice defined in com.jcabi.aspects.aj.ExceptionsLogger has not been applied [Xlint:adviceDidNotMatch]
	
C:\Users\N0009485\.m2\repository\com\jcabi\jcabi-aspects\0.24.1\jcabi-aspects-0.24.1.jar!com\jcabi\aspects\aj\Repeater.class [warning] advice defined in com.jcabi.aspects.aj.Repeater has not been applied [Xlint:adviceDidNotMatch]
	
C:\Users\N0009485\.m2\repository\com\jcabi\jcabi-aspects\0.24.1\jcabi-aspects-0.24.1.jar!com\jcabi\aspects\aj\MethodValidator.class [warning] advice defined in com.jcabi.aspects.aj.MethodValidator has not been applied [Xlint:adviceDidNotMatch]
	
C:\Users\N0009485\.m2\repository\com\jcabi\jcabi-aspects\0.24.1\jcabi-aspects-0.24.1.jar!com\jcabi\aspects\aj\SingleException.class [warning] advice defined in com.jcabi.aspects.aj.SingleException has not been applied [Xlint:adviceDidNotMatch]
	
C:\Users\N0009485\.m2\repository\com\jcabi\jcabi-aspects\0.24.1\jcabi-aspects-0.24.1.jar!com\jcabi\aspects\aj\MethodInterrupter.class [warning] advice defined in com.jcabi.aspects.aj.MethodInterrupter has not been applied [Xlint:adviceDidNotMatch]
	
C:\Users\N0009485\.m2\repository\com\jcabi\jcabi-aspects\0.24.1\jcabi-aspects-0.24.1.jar!com\jcabi\aspects\aj\QuietExceptionsLogger.class [warning] advice defined in com.jcabi.aspects.aj.QuietExceptionsLogger has not been applied [Xlint:adviceDidNotMatch]
	
C:\Users\N0009485\.m2\repository\com\jcabi\jcabi-aspects\0.24.1\jcabi-aspects-0.24.1.jar!com\jcabi\aspects\aj\Parallelizer.class [warning] advice defined in com.jcabi.aspects.aj.Parallelizer has not been applied [Xlint:adviceDidNotMatch]
	
C:\Users\N0009485\.m2\repository\com\jcabi\jcabi-aspects\0.24.1\jcabi-aspects-0.24.1.jar!com\jcabi\aspects\aj\MethodAsyncRunner.class [warning] advice defined in com.jcabi.aspects.aj.MethodAsyncRunner has not been applied [Xlint:adviceDidNotMatch]
	
C:\Users\N0009485\.m2\repository\com\jcabi\jcabi-aspects\0.24.1\jcabi-aspects-0.24.1.jar!com\jcabi\aspects\aj\MethodCacher.class [warning] advice defined in com.jcabi.aspects.aj.MethodCacher has not been applied [Xlint:adviceDidNotMatch]
	
Wed Dec 14 14:20:32 CET 2022
C:\Users\N0009485\.m2\repository\com\jcabi\jcabi-aspects\0.24.1\jcabi-aspects-0.24.1.jar!com\jcabi\aspects\aj\ImmutabilityChecker.class [warning] can not build thisJoinPoint lazily for this advice since it has no suitable guard [Xlint:noGuardForLazyTjp]
	
C:\Users\N0009485\.m2\repository\com\jcabi\jcabi-aspects\0.24.1\jcabi-aspects-0.24.1.jar!com\jcabi\aspects\aj\MethodCacher.class [warning] can not build thisJoinPoint lazily for this advice since it has no suitable guard [Xlint:noGuardForLazyTjp]
	
C:\Users\N0009485\.m2\repository\com\jcabi\jcabi-aspects\0.24.1\jcabi-aspects-0.24.1.jar!com\jcabi\aspects\aj\MethodCacher.class [warning] can not build thisJoinPoint lazily for this advice since it has no suitable guard [Xlint:noGuardForLazyTjp]
	
C:\Users\N0009485\.m2\repository\com\jcabi\jcabi-aspects\0.24.1\jcabi-aspects-0.24.1.jar!com\jcabi\aspects\aj\MethodScheduler.class [warning] can not build thisJoinPoint lazily for this advice since it has no suitable guard [Xlint:noGuardForLazyTjp]
	
C:\Users\N0009485\.m2\repository\com\jcabi\jcabi-aspects\0.24.1\jcabi-aspects-0.24.1.jar!com\jcabi\aspects\aj\MethodScheduler.class [warning] can not build thisJoinPoint lazily for this advice since it has no suitable guard [Xlint:noGuardForLazyTjp]
	
C:\Users\N0009485\.m2\repository\com\jcabi\jcabi-aspects\0.24.1\jcabi-aspects-0.24.1.jar!com\jcabi\aspects\aj\MethodValidator.class [warning] can not build thisJoinPoint lazily for this advice since it has no suitable guard [Xlint:noGuardForLazyTjp]
	
C:\Users\N0009485\.m2\repository\com\jcabi\jcabi-aspects\0.24.1\jcabi-aspects-0.24.1.jar!com\jcabi\aspects\aj\MethodValidator.class [warning] can not build thisJoinPoint lazily for this advice since it has no suitable guard [Xlint:noGuardForLazyTjp]
	
C:\Users\N0009485\.m2\repository\com\jcabi\jcabi-aspects\0.24.1\jcabi-aspects-0.24.1.jar!com\jcabi\aspects\aj\MethodValidator.class [warning] can not build thisJoinPoint lazily for this advice since it has no suitable guard [Xlint:noGuardForLazyTjp]
	
C:\Users\N0009485\.m2\repository\com\jcabi\jcabi-aspects\0.24.1\jcabi-aspects-0.24.1.jar!com\jcabi\aspects\aj\ImmutabilityChecker.class [warning] can not build thisJoinPoint lazily for this advice since it has no suitable guard [Xlint:noGuardForLazyTjp]
	
C:\Users\N0009485\.m2\repository\com\jcabi\jcabi-aspects\0.24.1\jcabi-aspects-0.24.1.jar!com\jcabi\aspects\aj\MethodCacher.class [warning] can not build thisJoinPoint lazily for this advice since it has no suitable guard [Xlint:noGuardForLazyTjp]
	
C:\Users\N0009485\.m2\repository\com\jcabi\jcabi-aspects\0.24.1\jcabi-aspects-0.24.1.jar!com\jcabi\aspects\aj\MethodCacher.class [warning] can not build thisJoinPoint lazily for this advice since it has no suitable guard [Xlint:noGuardForLazyTjp]
	
C:\Users\N0009485\.m2\repository\com\jcabi\jcabi-aspects\0.24.1\jcabi-aspects-0.24.1.jar!com\jcabi\aspects\aj\MethodScheduler.class [warning] can not build thisJoinPoint lazily for this advice since it has no suitable guard [Xlint:noGuardForLazyTjp]
	
C:\Users\N0009485\.m2\repository\com\jcabi\jcabi-aspects\0.24.1\jcabi-aspects-0.24.1.jar!com\jcabi\aspects\aj\MethodScheduler.class [warning] can not build thisJoinPoint lazily for this advice since it has no suitable guard [Xlint:noGuardForLazyTjp]
	
C:\Users\N0009485\.m2\repository\com\jcabi\jcabi-aspects\0.24.1\jcabi-aspects-0.24.1.jar!com\jcabi\aspects\aj\MethodValidator.class [warning] can not build thisJoinPoint lazily for this advice since it has no suitable guard [Xlint:noGuardForLazyTjp]
	
C:\Users\N0009485\.m2\repository\com\jcabi\jcabi-aspects\0.24.1\jcabi-aspects-0.24.1.jar!com\jcabi\aspects\aj\MethodValidator.class [warning] can not build thisJoinPoint lazily for this advice since it has no suitable guard [Xlint:noGuardForLazyTjp]
	
C:\Users\N0009485\.m2\repository\com\jcabi\jcabi-aspects\0.24.1\jcabi-aspects-0.24.1.jar!com\jcabi\aspects\aj\MethodValidator.class [warning] can not build thisJoinPoint lazily for this advice since it has no suitable guard [Xlint:noGuardForLazyTjp]
	
demo\RouteController.java:21 [warning] can not implement lazyTjp on this joinpoint method-execution(org.springframework.http.ResponseEntity demo.RouteController.getHello(java.lang.String)) because around advice is used [Xlint:canNotImplementLazyTjp]
	
	see also: C:\Users\N0009485\.m2\repository\com\jcabi\jcabi-aspects\0.24.1\jcabi-aspects-0.24.1.jar!com\jcabi\aspects\aj\MethodLogger.class::0
Join point 'method-execution(org.springframework.http.ResponseEntity demo.RouteController.getHello(java.lang.String))' in Type 'demo.RouteController' (RouteController.java:21) advised by around advice from 'com.jcabi.aspects.aj.MethodLogger' (jcabi-aspects-0.24.1.jar!MethodLogger.class(from MethodLogger.java))
	
demo\RouteController.java:38 [warning] can not implement lazyTjp on this joinpoint method-execution(org.springframework.http.ResponseEntity demo.RouteController.add(int, int)) because around advice is used [Xlint:canNotImplementLazyTjp]
	
	see also: C:\Users\N0009485\.m2\repository\com\jcabi\jcabi-aspects\0.24.1\jcabi-aspects-0.24.1.jar!com\jcabi\aspects\aj\MethodLogger.class::0
Join point 'method-execution(org.springframework.http.ResponseEntity demo.RouteController.add(int, int))' in Type 'demo.RouteController' (RouteController.java:38) advised by around advice from 'com.jcabi.aspects.aj.MethodLogger' (jcabi-aspects-0.24.1.jar!MethodLogger.class(from MethodLogger.java))
	
C:\Users\N0009485\.m2\repository\com\jcabi\jcabi-aspects\0.24.1\jcabi-aspects-0.24.1.jar!com\jcabi\aspects\aj\MethodLogger.class [warning] advice defined in com.jcabi.aspects.aj.MethodLogger has not been applied [Xlint:adviceDidNotMatch]
	
C:\Users\N0009485\.m2\repository\com\jcabi\jcabi-aspects\0.24.1\jcabi-aspects-0.24.1.jar!com\jcabi\aspects\aj\ImmutabilityChecker.class [warning] advice defined in com.jcabi.aspects.aj.ImmutabilityChecker has not been applied [Xlint:adviceDidNotMatch]
	
C:\Users\N0009485\.m2\repository\com\jcabi\jcabi-aspects\0.24.1\jcabi-aspects-0.24.1.jar!com\jcabi\aspects\aj\MethodScheduler.class [warning] advice defined in com.jcabi.aspects.aj.MethodScheduler has not been applied [Xlint:adviceDidNotMatch]
	
C:\Users\N0009485\.m2\repository\com\jcabi\jcabi-aspects\0.24.1\jcabi-aspects-0.24.1.jar!com\jcabi\aspects\aj\ExceptionsLogger.class [warning] advice defined in com.jcabi.aspects.aj.ExceptionsLogger has not been applied [Xlint:adviceDidNotMatch]
	
C:\Users\N0009485\.m2\repository\com\jcabi\jcabi-aspects\0.24.1\jcabi-aspects-0.24.1.jar!com\jcabi\aspects\aj\Repeater.class [warning] advice defined in com.jcabi.aspects.aj.Repeater has not been applied [Xlint:adviceDidNotMatch]
	
C:\Users\N0009485\.m2\repository\com\jcabi\jcabi-aspects\0.24.1\jcabi-aspects-0.24.1.jar!com\jcabi\aspects\aj\MethodValidator.class [warning] advice defined in com.jcabi.aspects.aj.MethodValidator has not been applied [Xlint:adviceDidNotMatch]
	
C:\Users\N0009485\.m2\repository\com\jcabi\jcabi-aspects\0.24.1\jcabi-aspects-0.24.1.jar!com\jcabi\aspects\aj\SingleException.class [warning] advice defined in com.jcabi.aspects.aj.SingleException has not been applied [Xlint:adviceDidNotMatch]
	
C:\Users\N0009485\.m2\repository\com\jcabi\jcabi-aspects\0.24.1\jcabi-aspects-0.24.1.jar!com\jcabi\aspects\aj\MethodInterrupter.class [warning] advice defined in com.jcabi.aspects.aj.MethodInterrupter has not been applied [Xlint:adviceDidNotMatch]
	
C:\Users\N0009485\.m2\repository\com\jcabi\jcabi-aspects\0.24.1\jcabi-aspects-0.24.1.jar!com\jcabi\aspects\aj\QuietExceptionsLogger.class [warning] advice defined in com.jcabi.aspects.aj.QuietExceptionsLogger has not been applied [Xlint:adviceDidNotMatch]
	
C:\Users\N0009485\.m2\repository\com\jcabi\jcabi-aspects\0.24.1\jcabi-aspects-0.24.1.jar!com\jcabi\aspects\aj\Parallelizer.class [warning] advice defined in com.jcabi.aspects.aj.Parallelizer has not been applied [Xlint:adviceDidNotMatch]
	
C:\Users\N0009485\.m2\repository\com\jcabi\jcabi-aspects\0.24.1\jcabi-aspects-0.24.1.jar!com\jcabi\aspects\aj\MethodAsyncRunner.class [warning] advice defined in com.jcabi.aspects.aj.MethodAsyncRunner has not been applied [Xlint:adviceDidNotMatch]
	
C:\Users\N0009485\.m2\repository\com\jcabi\jcabi-aspects\0.24.1\jcabi-aspects-0.24.1.jar!com\jcabi\aspects\aj\MethodCacher.class [warning] advice defined in com.jcabi.aspects.aj.MethodCacher has not been applied [Xlint:adviceDidNotMatch]
	
Wed Dec 14 14:30:24 CET 2022
C:\Users\N0009485\.m2\repository\com\jcabi\jcabi-aspects\0.24.1\jcabi-aspects-0.24.1.jar!com\jcabi\aspects\aj\ImmutabilityChecker.class [warning] can not build thisJoinPoint lazily for this advice since it has no suitable guard [Xlint:noGuardForLazyTjp]
	
C:\Users\N0009485\.m2\repository\com\jcabi\jcabi-aspects\0.24.1\jcabi-aspects-0.24.1.jar!com\jcabi\aspects\aj\MethodCacher.class [warning] can not build thisJoinPoint lazily for this advice since it has no suitable guard [Xlint:noGuardForLazyTjp]
	
C:\Users\N0009485\.m2\repository\com\jcabi\jcabi-aspects\0.24.1\jcabi-aspects-0.24.1.jar!com\jcabi\aspects\aj\MethodCacher.class [warning] can not build thisJoinPoint lazily for this advice since it has no suitable guard [Xlint:noGuardForLazyTjp]
	
C:\Users\N0009485\.m2\repository\com\jcabi\jcabi-aspects\0.24.1\jcabi-aspects-0.24.1.jar!com\jcabi\aspects\aj\MethodScheduler.class [warning] can not build thisJoinPoint lazily for this advice since it has no suitable guard [Xlint:noGuardForLazyTjp]
	
C:\Users\N0009485\.m2\repository\com\jcabi\jcabi-aspects\0.24.1\jcabi-aspects-0.24.1.jar!com\jcabi\aspects\aj\MethodScheduler.class [warning] can not build thisJoinPoint lazily for this advice since it has no suitable guard [Xlint:noGuardForLazyTjp]
	
C:\Users\N0009485\.m2\repository\com\jcabi\jcabi-aspects\0.24.1\jcabi-aspects-0.24.1.jar!com\jcabi\aspects\aj\MethodValidator.class [warning] can not build thisJoinPoint lazily for this advice since it has no suitable guard [Xlint:noGuardForLazyTjp]
	
C:\Users\N0009485\.m2\repository\com\jcabi\jcabi-aspects\0.24.1\jcabi-aspects-0.24.1.jar!com\jcabi\aspects\aj\MethodValidator.class [warning] can not build thisJoinPoint lazily for this advice since it has no suitable guard [Xlint:noGuardForLazyTjp]
	
C:\Users\N0009485\.m2\repository\com\jcabi\jcabi-aspects\0.24.1\jcabi-aspects-0.24.1.jar!com\jcabi\aspects\aj\MethodValidator.class [warning] can not build thisJoinPoint lazily for this advice since it has no suitable guard [Xlint:noGuardForLazyTjp]
	
C:\Users\N0009485\.m2\repository\com\jcabi\jcabi-aspects\0.24.1\jcabi-aspects-0.24.1.jar!com\jcabi\aspects\aj\ImmutabilityChecker.class [warning] can not build thisJoinPoint lazily for this advice since it has no suitable guard [Xlint:noGuardForLazyTjp]
	
C:\Users\N0009485\.m2\repository\com\jcabi\jcabi-aspects\0.24.1\jcabi-aspects-0.24.1.jar!com\jcabi\aspects\aj\MethodCacher.class [warning] can not build thisJoinPoint lazily for this advice since it has no suitable guard [Xlint:noGuardForLazyTjp]
	
C:\Users\N0009485\.m2\repository\com\jcabi\jcabi-aspects\0.24.1\jcabi-aspects-0.24.1.jar!com\jcabi\aspects\aj\MethodCacher.class [warning] can not build thisJoinPoint lazily for this advice since it has no suitable guard [Xlint:noGuardForLazyTjp]
	
C:\Users\N0009485\.m2\repository\com\jcabi\jcabi-aspects\0.24.1\jcabi-aspects-0.24.1.jar!com\jcabi\aspects\aj\MethodScheduler.class [warning] can not build thisJoinPoint lazily for this advice since it has no suitable guard [Xlint:noGuardForLazyTjp]
	
C:\Users\N0009485\.m2\repository\com\jcabi\jcabi-aspects\0.24.1\jcabi-aspects-0.24.1.jar!com\jcabi\aspects\aj\MethodScheduler.class [warning] can not build thisJoinPoint lazily for this advice since it has no suitable guard [Xlint:noGuardForLazyTjp]
	
C:\Users\N0009485\.m2\repository\com\jcabi\jcabi-aspects\0.24.1\jcabi-aspects-0.24.1.jar!com\jcabi\aspects\aj\MethodValidator.class [warning] can not build thisJoinPoint lazily for this advice since it has no suitable guard [Xlint:noGuardForLazyTjp]
	
C:\Users\N0009485\.m2\repository\com\jcabi\jcabi-aspects\0.24.1\jcabi-aspects-0.24.1.jar!com\jcabi\aspects\aj\MethodValidator.class [warning] can not build thisJoinPoint lazily for this advice since it has no suitable guard [Xlint:noGuardForLazyTjp]
	
C:\Users\N0009485\.m2\repository\com\jcabi\jcabi-aspects\0.24.1\jcabi-aspects-0.24.1.jar!com\jcabi\aspects\aj\MethodValidator.class [warning] can not build thisJoinPoint lazily for this advice since it has no suitable guard [Xlint:noGuardForLazyTjp]
	
demo\RouteController.java:21 [warning] can not implement lazyTjp on this joinpoint method-execution(org.springframework.http.ResponseEntity demo.RouteController.getHello(java.lang.String)) because around advice is used [Xlint:canNotImplementLazyTjp]
	
	see also: C:\Users\N0009485\.m2\repository\com\jcabi\jcabi-aspects\0.24.1\jcabi-aspects-0.24.1.jar!com\jcabi\aspects\aj\MethodLogger.class::0
Join point 'method-execution(org.springframework.http.ResponseEntity demo.RouteController.getHello(java.lang.String))' in Type 'demo.RouteController' (RouteController.java:21) advised by around advice from 'com.jcabi.aspects.aj.MethodLogger' (jcabi-aspects-0.24.1.jar!MethodLogger.class(from MethodLogger.java))
	
demo\RouteController.java:35 [warning] can not implement lazyTjp on this joinpoint method-execution(org.springframework.http.ResponseEntity demo.RouteController.add(int, int)) because around advice is used [Xlint:canNotImplementLazyTjp]
	
	see also: C:\Users\N0009485\.m2\repository\com\jcabi\jcabi-aspects\0.24.1\jcabi-aspects-0.24.1.jar!com\jcabi\aspects\aj\MethodLogger.class::0
Join point 'method-execution(org.springframework.http.ResponseEntity demo.RouteController.add(int, int))' in Type 'demo.RouteController' (RouteController.java:35) advised by around advice from 'com.jcabi.aspects.aj.MethodLogger' (jcabi-aspects-0.24.1.jar!MethodLogger.class(from MethodLogger.java))
	
C:\Users\N0009485\.m2\repository\com\jcabi\jcabi-aspects\0.24.1\jcabi-aspects-0.24.1.jar!com\jcabi\aspects\aj\MethodLogger.class [warning] advice defined in com.jcabi.aspects.aj.MethodLogger has not been applied [Xlint:adviceDidNotMatch]
	
C:\Users\N0009485\.m2\repository\com\jcabi\jcabi-aspects\0.24.1\jcabi-aspects-0.24.1.jar!com\jcabi\aspects\aj\ImmutabilityChecker.class [warning] advice defined in com.jcabi.aspects.aj.ImmutabilityChecker has not been applied [Xlint:adviceDidNotMatch]
	
C:\Users\N0009485\.m2\repository\com\jcabi\jcabi-aspects\0.24.1\jcabi-aspects-0.24.1.jar!com\jcabi\aspects\aj\MethodScheduler.class [warning] advice defined in com.jcabi.aspects.aj.MethodScheduler has not been applied [Xlint:adviceDidNotMatch]
	
C:\Users\N0009485\.m2\repository\com\jcabi\jcabi-aspects\0.24.1\jcabi-aspects-0.24.1.jar!com\jcabi\aspects\aj\ExceptionsLogger.class [warning] advice defined in com.jcabi.aspects.aj.ExceptionsLogger has not been applied [Xlint:adviceDidNotMatch]
	
C:\Users\N0009485\.m2\repository\com\jcabi\jcabi-aspects\0.24.1\jcabi-aspects-0.24.1.jar!com\jcabi\aspects\aj\Repeater.class [warning] advice defined in com.jcabi.aspects.aj.Repeater has not been applied [Xlint:adviceDidNotMatch]
	
C:\Users\N0009485\.m2\repository\com\jcabi\jcabi-aspects\0.24.1\jcabi-aspects-0.24.1.jar!com\jcabi\aspects\aj\MethodValidator.class [warning] advice defined in com.jcabi.aspects.aj.MethodValidator has not been applied [Xlint:adviceDidNotMatch]
	
C:\Users\N0009485\.m2\repository\com\jcabi\jcabi-aspects\0.24.1\jcabi-aspects-0.24.1.jar!com\jcabi\aspects\aj\SingleException.class [warning] advice defined in com.jcabi.aspects.aj.SingleException has not been applied [Xlint:adviceDidNotMatch]
	
C:\Users\N0009485\.m2\repository\com\jcabi\jcabi-aspects\0.24.1\jcabi-aspects-0.24.1.jar!com\jcabi\aspects\aj\MethodInterrupter.class [warning] advice defined in com.jcabi.aspects.aj.MethodInterrupter has not been applied [Xlint:adviceDidNotMatch]
	
C:\Users\N0009485\.m2\repository\com\jcabi\jcabi-aspects\0.24.1\jcabi-aspects-0.24.1.jar!com\jcabi\aspects\aj\QuietExceptionsLogger.class [warning] advice defined in com.jcabi.aspects.aj.QuietExceptionsLogger has not been applied [Xlint:adviceDidNotMatch]
	
C:\Users\N0009485\.m2\repository\com\jcabi\jcabi-aspects\0.24.1\jcabi-aspects-0.24.1.jar!com\jcabi\aspects\aj\Parallelizer.class [warning] advice defined in com.jcabi.aspects.aj.Parallelizer has not been applied [Xlint:adviceDidNotMatch]
	
C:\Users\N0009485\.m2\repository\com\jcabi\jcabi-aspects\0.24.1\jcabi-aspects-0.24.1.jar!com\jcabi\aspects\aj\MethodAsyncRunner.class [warning] advice defined in com.jcabi.aspects.aj.MethodAsyncRunner has not been applied [Xlint:adviceDidNotMatch]
	
C:\Users\N0009485\.m2\repository\com\jcabi\jcabi-aspects\0.24.1\jcabi-aspects-0.24.1.jar!com\jcabi\aspects\aj\MethodCacher.class [warning] advice defined in com.jcabi.aspects.aj.MethodCacher has not been applied [Xlint:adviceDidNotMatch]
	
Wed Dec 14 14:31:00 CET 2022
C:\Users\N0009485\.m2\repository\com\jcabi\jcabi-aspects\0.24.1\jcabi-aspects-0.24.1.jar!com\jcabi\aspects\aj\ImmutabilityChecker.class [warning] can not build thisJoinPoint lazily for this advice since it has no suitable guard [Xlint:noGuardForLazyTjp]
	
C:\Users\N0009485\.m2\repository\com\jcabi\jcabi-aspects\0.24.1\jcabi-aspects-0.24.1.jar!com\jcabi\aspects\aj\MethodCacher.class [warning] can not build thisJoinPoint lazily for this advice since it has no suitable guard [Xlint:noGuardForLazyTjp]
	
C:\Users\N0009485\.m2\repository\com\jcabi\jcabi-aspects\0.24.1\jcabi-aspects-0.24.1.jar!com\jcabi\aspects\aj\MethodCacher.class [warning] can not build thisJoinPoint lazily for this advice since it has no suitable guard [Xlint:noGuardForLazyTjp]
	
C:\Users\N0009485\.m2\repository\com\jcabi\jcabi-aspects\0.24.1\jcabi-aspects-0.24.1.jar!com\jcabi\aspects\aj\MethodScheduler.class [warning] can not build thisJoinPoint lazily for this advice since it has no suitable guard [Xlint:noGuardForLazyTjp]
	
C:\Users\N0009485\.m2\repository\com\jcabi\jcabi-aspects\0.24.1\jcabi-aspects-0.24.1.jar!com\jcabi\aspects\aj\MethodScheduler.class [warning] can not build thisJoinPoint lazily for this advice since it has no suitable guard [Xlint:noGuardForLazyTjp]
	
C:\Users\N0009485\.m2\repository\com\jcabi\jcabi-aspects\0.24.1\jcabi-aspects-0.24.1.jar!com\jcabi\aspects\aj\MethodValidator.class [warning] can not build thisJoinPoint lazily for this advice since it has no suitable guard [Xlint:noGuardForLazyTjp]
	
C:\Users\N0009485\.m2\repository\com\jcabi\jcabi-aspects\0.24.1\jcabi-aspects-0.24.1.jar!com\jcabi\aspects\aj\MethodValidator.class [warning] can not build thisJoinPoint lazily for this advice since it has no suitable guard [Xlint:noGuardForLazyTjp]
	
C:\Users\N0009485\.m2\repository\com\jcabi\jcabi-aspects\0.24.1\jcabi-aspects-0.24.1.jar!com\jcabi\aspects\aj\MethodValidator.class [warning] can not build thisJoinPoint lazily for this advice since it has no suitable guard [Xlint:noGuardForLazyTjp]
	
C:\Users\N0009485\.m2\repository\com\jcabi\jcabi-aspects\0.24.1\jcabi-aspects-0.24.1.jar!com\jcabi\aspects\aj\ImmutabilityChecker.class [warning] can not build thisJoinPoint lazily for this advice since it has no suitable guard [Xlint:noGuardForLazyTjp]
	
C:\Users\N0009485\.m2\repository\com\jcabi\jcabi-aspects\0.24.1\jcabi-aspects-0.24.1.jar!com\jcabi\aspects\aj\MethodCacher.class [warning] can not build thisJoinPoint lazily for this advice since it has no suitable guard [Xlint:noGuardForLazyTjp]
	
C:\Users\N0009485\.m2\repository\com\jcabi\jcabi-aspects\0.24.1\jcabi-aspects-0.24.1.jar!com\jcabi\aspects\aj\MethodCacher.class [warning] can not build thisJoinPoint lazily for this advice since it has no suitable guard [Xlint:noGuardForLazyTjp]
	
C:\Users\N0009485\.m2\repository\com\jcabi\jcabi-aspects\0.24.1\jcabi-aspects-0.24.1.jar!com\jcabi\aspects\aj\MethodScheduler.class [warning] can not build thisJoinPoint lazily for this advice since it has no suitable guard [Xlint:noGuardForLazyTjp]
	
C:\Users\N0009485\.m2\repository\com\jcabi\jcabi-aspects\0.24.1\jcabi-aspects-0.24.1.jar!com\jcabi\aspects\aj\MethodScheduler.class [warning] can not build thisJoinPoint lazily for this advice since it has no suitable guard [Xlint:noGuardForLazyTjp]
	
C:\Users\N0009485\.m2\repository\com\jcabi\jcabi-aspects\0.24.1\jcabi-aspects-0.24.1.jar!com\jcabi\aspects\aj\MethodValidator.class [warning] can not build thisJoinPoint lazily for this advice since it has no suitable guard [Xlint:noGuardForLazyTjp]
	
C:\Users\N0009485\.m2\repository\com\jcabi\jcabi-aspects\0.24.1\jcabi-aspects-0.24.1.jar!com\jcabi\aspects\aj\MethodValidator.class [warning] can not build thisJoinPoint lazily for this advice since it has no suitable guard [Xlint:noGuardForLazyTjp]
	
C:\Users\N0009485\.m2\repository\com\jcabi\jcabi-aspects\0.24.1\jcabi-aspects-0.24.1.jar!com\jcabi\aspects\aj\MethodValidator.class [warning] can not build thisJoinPoint lazily for this advice since it has no suitable guard [Xlint:noGuardForLazyTjp]
	
demo\RouteController.java:21 [warning] can not implement lazyTjp on this joinpoint method-execution(org.springframework.http.ResponseEntity demo.RouteController.getHello(java.lang.String)) because around advice is used [Xlint:canNotImplementLazyTjp]
	
	see also: C:\Users\N0009485\.m2\repository\com\jcabi\jcabi-aspects\0.24.1\jcabi-aspects-0.24.1.jar!com\jcabi\aspects\aj\MethodLogger.class::0
Join point 'method-execution(org.springframework.http.ResponseEntity demo.RouteController.getHello(java.lang.String))' in Type 'demo.RouteController' (RouteController.java:21) advised by around advice from 'com.jcabi.aspects.aj.MethodLogger' (jcabi-aspects-0.24.1.jar!MethodLogger.class(from MethodLogger.java))
	
demo\RouteController.java:35 [warning] can not implement lazyTjp on this joinpoint method-execution(org.springframework.http.ResponseEntity demo.RouteController.add(int, int)) because around advice is used [Xlint:canNotImplementLazyTjp]
	
	see also: C:\Users\N0009485\.m2\repository\com\jcabi\jcabi-aspects\0.24.1\jcabi-aspects-0.24.1.jar!com\jcabi\aspects\aj\MethodLogger.class::0
Join point 'method-execution(org.springframework.http.ResponseEntity demo.RouteController.add(int, int))' in Type 'demo.RouteController' (RouteController.java:35) advised by around advice from 'com.jcabi.aspects.aj.MethodLogger' (jcabi-aspects-0.24.1.jar!MethodLogger.class(from MethodLogger.java))
	
C:\Users\N0009485\.m2\repository\com\jcabi\jcabi-aspects\0.24.1\jcabi-aspects-0.24.1.jar!com\jcabi\aspects\aj\MethodLogger.class [warning] advice defined in com.jcabi.aspects.aj.MethodLogger has not been applied [Xlint:adviceDidNotMatch]
	
C:\Users\N0009485\.m2\repository\com\jcabi\jcabi-aspects\0.24.1\jcabi-aspects-0.24.1.jar!com\jcabi\aspects\aj\ImmutabilityChecker.class [warning] advice defined in com.jcabi.aspects.aj.ImmutabilityChecker has not been applied [Xlint:adviceDidNotMatch]
	
C:\Users\N0009485\.m2\repository\com\jcabi\jcabi-aspects\0.24.1\jcabi-aspects-0.24.1.jar!com\jcabi\aspects\aj\MethodScheduler.class [warning] advice defined in com.jcabi.aspects.aj.MethodScheduler has not been applied [Xlint:adviceDidNotMatch]
	
C:\Users\N0009485\.m2\repository\com\jcabi\jcabi-aspects\0.24.1\jcabi-aspects-0.24.1.jar!com\jcabi\aspects\aj\ExceptionsLogger.class [warning] advice defined in com.jcabi.aspects.aj.ExceptionsLogger has not been applied [Xlint:adviceDidNotMatch]
	
C:\Users\N0009485\.m2\repository\com\jcabi\jcabi-aspects\0.24.1\jcabi-aspects-0.24.1.jar!com\jcabi\aspects\aj\Repeater.class [warning] advice defined in com.jcabi.aspects.aj.Repeater has not been applied [Xlint:adviceDidNotMatch]
	
C:\Users\N0009485\.m2\repository\com\jcabi\jcabi-aspects\0.24.1\jcabi-aspects-0.24.1.jar!com\jcabi\aspects\aj\MethodValidator.class [warning] advice defined in com.jcabi.aspects.aj.MethodValidator has not been applied [Xlint:adviceDidNotMatch]
	
C:\Users\N0009485\.m2\repository\com\jcabi\jcabi-aspects\0.24.1\jcabi-aspects-0.24.1.jar!com\jcabi\aspects\aj\SingleException.class [warning] advice defined in com.jcabi.aspects.aj.SingleException has not been applied [Xlint:adviceDidNotMatch]
	
C:\Users\N0009485\.m2\repository\com\jcabi\jcabi-aspects\0.24.1\jcabi-aspects-0.24.1.jar!com\jcabi\aspects\aj\MethodInterrupter.class [warning] advice defined in com.jcabi.aspects.aj.MethodInterrupter has not been applied [Xlint:adviceDidNotMatch]
	
C:\Users\N0009485\.m2\repository\com\jcabi\jcabi-aspects\0.24.1\jcabi-aspects-0.24.1.jar!com\jcabi\aspects\aj\QuietExceptionsLogger.class [warning] advice defined in com.jcabi.aspects.aj.QuietExceptionsLogger has not been applied [Xlint:adviceDidNotMatch]
	
C:\Users\N0009485\.m2\repository\com\jcabi\jcabi-aspects\0.24.1\jcabi-aspects-0.24.1.jar!com\jcabi\aspects\aj\Parallelizer.class [warning] advice defined in com.jcabi.aspects.aj.Parallelizer has not been applied [Xlint:adviceDidNotMatch]
	
C:\Users\N0009485\.m2\repository\com\jcabi\jcabi-aspects\0.24.1\jcabi-aspects-0.24.1.jar!com\jcabi\aspects\aj\MethodAsyncRunner.class [warning] advice defined in com.jcabi.aspects.aj.MethodAsyncRunner has not been applied [Xlint:adviceDidNotMatch]
	
C:\Users\N0009485\.m2\repository\com\jcabi\jcabi-aspects\0.24.1\jcabi-aspects-0.24.1.jar!com\jcabi\aspects\aj\MethodCacher.class [warning] advice defined in com.jcabi.aspects.aj.MethodCacher has not been applied [Xlint:adviceDidNotMatch]
	
Wed Dec 14 14:37:04 CET 2022
C:\Users\N0009485\.m2\repository\com\jcabi\jcabi-aspects\0.24.1\jcabi-aspects-0.24.1.jar!com\jcabi\aspects\aj\ImmutabilityChecker.class [warning] can not build thisJoinPoint lazily for this advice since it has no suitable guard [Xlint:noGuardForLazyTjp]
	
C:\Users\N0009485\.m2\repository\com\jcabi\jcabi-aspects\0.24.1\jcabi-aspects-0.24.1.jar!com\jcabi\aspects\aj\MethodCacher.class [warning] can not build thisJoinPoint lazily for this advice since it has no suitable guard [Xlint:noGuardForLazyTjp]
	
C:\Users\N0009485\.m2\repository\com\jcabi\jcabi-aspects\0.24.1\jcabi-aspects-0.24.1.jar!com\jcabi\aspects\aj\MethodCacher.class [warning] can not build thisJoinPoint lazily for this advice since it has no suitable guard [Xlint:noGuardForLazyTjp]
	
C:\Users\N0009485\.m2\repository\com\jcabi\jcabi-aspects\0.24.1\jcabi-aspects-0.24.1.jar!com\jcabi\aspects\aj\MethodScheduler.class [warning] can not build thisJoinPoint lazily for this advice since it has no suitable guard [Xlint:noGuardForLazyTjp]
	
C:\Users\N0009485\.m2\repository\com\jcabi\jcabi-aspects\0.24.1\jcabi-aspects-0.24.1.jar!com\jcabi\aspects\aj\MethodScheduler.class [warning] can not build thisJoinPoint lazily for this advice since it has no suitable guard [Xlint:noGuardForLazyTjp]
	
C:\Users\N0009485\.m2\repository\com\jcabi\jcabi-aspects\0.24.1\jcabi-aspects-0.24.1.jar!com\jcabi\aspects\aj\MethodValidator.class [warning] can not build thisJoinPoint lazily for this advice since it has no suitable guard [Xlint:noGuardForLazyTjp]
	
C:\Users\N0009485\.m2\repository\com\jcabi\jcabi-aspects\0.24.1\jcabi-aspects-0.24.1.jar!com\jcabi\aspects\aj\MethodValidator.class [warning] can not build thisJoinPoint lazily for this advice since it has no suitable guard [Xlint:noGuardForLazyTjp]
	
C:\Users\N0009485\.m2\repository\com\jcabi\jcabi-aspects\0.24.1\jcabi-aspects-0.24.1.jar!com\jcabi\aspects\aj\MethodValidator.class [warning] can not build thisJoinPoint lazily for this advice since it has no suitable guard [Xlint:noGuardForLazyTjp]
	
C:\Users\N0009485\.m2\repository\com\jcabi\jcabi-aspects\0.24.1\jcabi-aspects-0.24.1.jar!com\jcabi\aspects\aj\ImmutabilityChecker.class [warning] can not build thisJoinPoint lazily for this advice since it has no suitable guard [Xlint:noGuardForLazyTjp]
	
C:\Users\N0009485\.m2\repository\com\jcabi\jcabi-aspects\0.24.1\jcabi-aspects-0.24.1.jar!com\jcabi\aspects\aj\MethodCacher.class [warning] can not build thisJoinPoint lazily for this advice since it has no suitable guard [Xlint:noGuardForLazyTjp]
	
C:\Users\N0009485\.m2\repository\com\jcabi\jcabi-aspects\0.24.1\jcabi-aspects-0.24.1.jar!com\jcabi\aspects\aj\MethodCacher.class [warning] can not build thisJoinPoint lazily for this advice since it has no suitable guard [Xlint:noGuardForLazyTjp]
	
C:\Users\N0009485\.m2\repository\com\jcabi\jcabi-aspects\0.24.1\jcabi-aspects-0.24.1.jar!com\jcabi\aspects\aj\MethodScheduler.class [warning] can not build thisJoinPoint lazily for this advice since it has no suitable guard [Xlint:noGuardForLazyTjp]
	
C:\Users\N0009485\.m2\repository\com\jcabi\jcabi-aspects\0.24.1\jcabi-aspects-0.24.1.jar!com\jcabi\aspects\aj\MethodScheduler.class [warning] can not build thisJoinPoint lazily for this advice since it has no suitable guard [Xlint:noGuardForLazyTjp]
	
C:\Users\N0009485\.m2\repository\com\jcabi\jcabi-aspects\0.24.1\jcabi-aspects-0.24.1.jar!com\jcabi\aspects\aj\MethodValidator.class [warning] can not build thisJoinPoint lazily for this advice since it has no suitable guard [Xlint:noGuardForLazyTjp]
	
C:\Users\N0009485\.m2\repository\com\jcabi\jcabi-aspects\0.24.1\jcabi-aspects-0.24.1.jar!com\jcabi\aspects\aj\MethodValidator.class [warning] can not build thisJoinPoint lazily for this advice since it has no suitable guard [Xlint:noGuardForLazyTjp]
	
C:\Users\N0009485\.m2\repository\com\jcabi\jcabi-aspects\0.24.1\jcabi-aspects-0.24.1.jar!com\jcabi\aspects\aj\MethodValidator.class [warning] can not build thisJoinPoint lazily for this advice since it has no suitable guard [Xlint:noGuardForLazyTjp]
	
demo\RouteController.java:21 [warning] can not implement lazyTjp on this joinpoint method-execution(org.springframework.http.ResponseEntity demo.RouteController.getHello(java.lang.String)) because around advice is used [Xlint:canNotImplementLazyTjp]
	
	see also: C:\Users\N0009485\.m2\repository\com\jcabi\jcabi-aspects\0.24.1\jcabi-aspects-0.24.1.jar!com\jcabi\aspects\aj\MethodLogger.class::0
Join point 'method-execution(org.springframework.http.ResponseEntity demo.RouteController.getHello(java.lang.String))' in Type 'demo.RouteController' (RouteController.java:21) advised by around advice from 'com.jcabi.aspects.aj.MethodLogger' (jcabi-aspects-0.24.1.jar!MethodLogger.class(from MethodLogger.java))
	
demo\RouteController.java:35 [warning] can not implement lazyTjp on this joinpoint method-execution(org.springframework.http.ResponseEntity demo.RouteController.add(int, int)) because around advice is used [Xlint:canNotImplementLazyTjp]
	
	see also: C:\Users\N0009485\.m2\repository\com\jcabi\jcabi-aspects\0.24.1\jcabi-aspects-0.24.1.jar!com\jcabi\aspects\aj\MethodLogger.class::0
Join point 'method-execution(org.springframework.http.ResponseEntity demo.RouteController.add(int, int))' in Type 'demo.RouteController' (RouteController.java:35) advised by around advice from 'com.jcabi.aspects.aj.MethodLogger' (jcabi-aspects-0.24.1.jar!MethodLogger.class(from MethodLogger.java))
	
C:\Users\N0009485\.m2\repository\com\jcabi\jcabi-aspects\0.24.1\jcabi-aspects-0.24.1.jar!com\jcabi\aspects\aj\MethodLogger.class [warning] advice defined in com.jcabi.aspects.aj.MethodLogger has not been applied [Xlint:adviceDidNotMatch]
	
C:\Users\N0009485\.m2\repository\com\jcabi\jcabi-aspects\0.24.1\jcabi-aspects-0.24.1.jar!com\jcabi\aspects\aj\ImmutabilityChecker.class [warning] advice defined in com.jcabi.aspects.aj.ImmutabilityChecker has not been applied [Xlint:adviceDidNotMatch]
	
C:\Users\N0009485\.m2\repository\com\jcabi\jcabi-aspects\0.24.1\jcabi-aspects-0.24.1.jar!com\jcabi\aspects\aj\MethodScheduler.class [warning] advice defined in com.jcabi.aspects.aj.MethodScheduler has not been applied [Xlint:adviceDidNotMatch]
	
C:\Users\N0009485\.m2\repository\com\jcabi\jcabi-aspects\0.24.1\jcabi-aspects-0.24.1.jar!com\jcabi\aspects\aj\ExceptionsLogger.class [warning] advice defined in com.jcabi.aspects.aj.ExceptionsLogger has not been applied [Xlint:adviceDidNotMatch]
	
C:\Users\N0009485\.m2\repository\com\jcabi\jcabi-aspects\0.24.1\jcabi-aspects-0.24.1.jar!com\jcabi\aspects\aj\Repeater.class [warning] advice defined in com.jcabi.aspects.aj.Repeater has not been applied [Xlint:adviceDidNotMatch]
	
C:\Users\N0009485\.m2\repository\com\jcabi\jcabi-aspects\0.24.1\jcabi-aspects-0.24.1.jar!com\jcabi\aspects\aj\MethodValidator.class [warning] advice defined in com.jcabi.aspects.aj.MethodValidator has not been applied [Xlint:adviceDidNotMatch]
	
C:\Users\N0009485\.m2\repository\com\jcabi\jcabi-aspects\0.24.1\jcabi-aspects-0.24.1.jar!com\jcabi\aspects\aj\SingleException.class [warning] advice defined in com.jcabi.aspects.aj.SingleException has not been applied [Xlint:adviceDidNotMatch]
	
C:\Users\N0009485\.m2\repository\com\jcabi\jcabi-aspects\0.24.1\jcabi-aspects-0.24.1.jar!com\jcabi\aspects\aj\MethodInterrupter.class [warning] advice defined in com.jcabi.aspects.aj.MethodInterrupter has not been applied [Xlint:adviceDidNotMatch]
	
C:\Users\N0009485\.m2\repository\com\jcabi\jcabi-aspects\0.24.1\jcabi-aspects-0.24.1.jar!com\jcabi\aspects\aj\QuietExceptionsLogger.class [warning] advice defined in com.jcabi.aspects.aj.QuietExceptionsLogger has not been applied [Xlint:adviceDidNotMatch]
	
C:\Users\N0009485\.m2\repository\com\jcabi\jcabi-aspects\0.24.1\jcabi-aspects-0.24.1.jar!com\jcabi\aspects\aj\Parallelizer.class [warning] advice defined in com.jcabi.aspects.aj.Parallelizer has not been applied [Xlint:adviceDidNotMatch]
	
C:\Users\N0009485\.m2\repository\com\jcabi\jcabi-aspects\0.24.1\jcabi-aspects-0.24.1.jar!com\jcabi\aspects\aj\MethodAsyncRunner.class [warning] advice defined in com.jcabi.aspects.aj.MethodAsyncRunner has not been applied [Xlint:adviceDidNotMatch]
	
C:\Users\N0009485\.m2\repository\com\jcabi\jcabi-aspects\0.24.1\jcabi-aspects-0.24.1.jar!com\jcabi\aspects\aj\MethodCacher.class [warning] advice defined in com.jcabi.aspects.aj.MethodCacher has not been applied [Xlint:adviceDidNotMatch]
	
Wed Dec 14 14:46:33 CET 2022
C:\Users\N0009485\.m2\repository\com\jcabi\jcabi-aspects\0.24.1\jcabi-aspects-0.24.1.jar!com\jcabi\aspects\aj\ImmutabilityChecker.class [warning] can not build thisJoinPoint lazily for this advice since it has no suitable guard [Xlint:noGuardForLazyTjp]
	
C:\Users\N0009485\.m2\repository\com\jcabi\jcabi-aspects\0.24.1\jcabi-aspects-0.24.1.jar!com\jcabi\aspects\aj\MethodCacher.class [warning] can not build thisJoinPoint lazily for this advice since it has no suitable guard [Xlint:noGuardForLazyTjp]
	
C:\Users\N0009485\.m2\repository\com\jcabi\jcabi-aspects\0.24.1\jcabi-aspects-0.24.1.jar!com\jcabi\aspects\aj\MethodCacher.class [warning] can not build thisJoinPoint lazily for this advice since it has no suitable guard [Xlint:noGuardForLazyTjp]
	
C:\Users\N0009485\.m2\repository\com\jcabi\jcabi-aspects\0.24.1\jcabi-aspects-0.24.1.jar!com\jcabi\aspects\aj\MethodScheduler.class [warning] can not build thisJoinPoint lazily for this advice since it has no suitable guard [Xlint:noGuardForLazyTjp]
	
C:\Users\N0009485\.m2\repository\com\jcabi\jcabi-aspects\0.24.1\jcabi-aspects-0.24.1.jar!com\jcabi\aspects\aj\MethodScheduler.class [warning] can not build thisJoinPoint lazily for this advice since it has no suitable guard [Xlint:noGuardForLazyTjp]
	
C:\Users\N0009485\.m2\repository\com\jcabi\jcabi-aspects\0.24.1\jcabi-aspects-0.24.1.jar!com\jcabi\aspects\aj\MethodValidator.class [warning] can not build thisJoinPoint lazily for this advice since it has no suitable guard [Xlint:noGuardForLazyTjp]
	
C:\Users\N0009485\.m2\repository\com\jcabi\jcabi-aspects\0.24.1\jcabi-aspects-0.24.1.jar!com\jcabi\aspects\aj\MethodValidator.class [warning] can not build thisJoinPoint lazily for this advice since it has no suitable guard [Xlint:noGuardForLazyTjp]
	
C:\Users\N0009485\.m2\repository\com\jcabi\jcabi-aspects\0.24.1\jcabi-aspects-0.24.1.jar!com\jcabi\aspects\aj\MethodValidator.class [warning] can not build thisJoinPoint lazily for this advice since it has no suitable guard [Xlint:noGuardForLazyTjp]
	
C:\Users\N0009485\.m2\repository\com\jcabi\jcabi-aspects\0.24.1\jcabi-aspects-0.24.1.jar!com\jcabi\aspects\aj\ImmutabilityChecker.class [warning] can not build thisJoinPoint lazily for this advice since it has no suitable guard [Xlint:noGuardForLazyTjp]
	
C:\Users\N0009485\.m2\repository\com\jcabi\jcabi-aspects\0.24.1\jcabi-aspects-0.24.1.jar!com\jcabi\aspects\aj\MethodCacher.class [warning] can not build thisJoinPoint lazily for this advice since it has no suitable guard [Xlint:noGuardForLazyTjp]
	
C:\Users\N0009485\.m2\repository\com\jcabi\jcabi-aspects\0.24.1\jcabi-aspects-0.24.1.jar!com\jcabi\aspects\aj\MethodCacher.class [warning] can not build thisJoinPoint lazily for this advice since it has no suitable guard [Xlint:noGuardForLazyTjp]
	
C:\Users\N0009485\.m2\repository\com\jcabi\jcabi-aspects\0.24.1\jcabi-aspects-0.24.1.jar!com\jcabi\aspects\aj\MethodScheduler.class [warning] can not build thisJoinPoint lazily for this advice since it has no suitable guard [Xlint:noGuardForLazyTjp]
	
C:\Users\N0009485\.m2\repository\com\jcabi\jcabi-aspects\0.24.1\jcabi-aspects-0.24.1.jar!com\jcabi\aspects\aj\MethodScheduler.class [warning] can not build thisJoinPoint lazily for this advice since it has no suitable guard [Xlint:noGuardForLazyTjp]
	
C:\Users\N0009485\.m2\repository\com\jcabi\jcabi-aspects\0.24.1\jcabi-aspects-0.24.1.jar!com\jcabi\aspects\aj\MethodValidator.class [warning] can not build thisJoinPoint lazily for this advice since it has no suitable guard [Xlint:noGuardForLazyTjp]
	
C:\Users\N0009485\.m2\repository\com\jcabi\jcabi-aspects\0.24.1\jcabi-aspects-0.24.1.jar!com\jcabi\aspects\aj\MethodValidator.class [warning] can not build thisJoinPoint lazily for this advice since it has no suitable guard [Xlint:noGuardForLazyTjp]
	
C:\Users\N0009485\.m2\repository\com\jcabi\jcabi-aspects\0.24.1\jcabi-aspects-0.24.1.jar!com\jcabi\aspects\aj\MethodValidator.class [warning] can not build thisJoinPoint lazily for this advice since it has no suitable guard [Xlint:noGuardForLazyTjp]
	
demo\RouteController.java:34 [warning] can not implement lazyTjp on this joinpoint method-execution(org.springframework.http.ResponseEntity demo.RouteController.add(int, int)) because around advice is used [Xlint:canNotImplementLazyTjp]
	
	see also: C:\Users\N0009485\.m2\repository\com\jcabi\jcabi-aspects\0.24.1\jcabi-aspects-0.24.1.jar!com\jcabi\aspects\aj\MethodLogger.class::0
Join point 'method-execution(org.springframework.http.ResponseEntity demo.RouteController.add(int, int))' in Type 'demo.RouteController' (RouteController.java:34) advised by around advice from 'com.jcabi.aspects.aj.MethodLogger' (jcabi-aspects-0.24.1.jar!MethodLogger.class(from MethodLogger.java))
	
C:\Users\N0009485\.m2\repository\com\jcabi\jcabi-aspects\0.24.1\jcabi-aspects-0.24.1.jar!com\jcabi\aspects\aj\MethodLogger.class [warning] advice defined in com.jcabi.aspects.aj.MethodLogger has not been applied [Xlint:adviceDidNotMatch]
	
C:\Users\N0009485\.m2\repository\com\jcabi\jcabi-aspects\0.24.1\jcabi-aspects-0.24.1.jar!com\jcabi\aspects\aj\ImmutabilityChecker.class [warning] advice defined in com.jcabi.aspects.aj.ImmutabilityChecker has not been applied [Xlint:adviceDidNotMatch]
	
C:\Users\N0009485\.m2\repository\com\jcabi\jcabi-aspects\0.24.1\jcabi-aspects-0.24.1.jar!com\jcabi\aspects\aj\MethodScheduler.class [warning] advice defined in com.jcabi.aspects.aj.MethodScheduler has not been applied [Xlint:adviceDidNotMatch]
	
C:\Users\N0009485\.m2\repository\com\jcabi\jcabi-aspects\0.24.1\jcabi-aspects-0.24.1.jar!com\jcabi\aspects\aj\ExceptionsLogger.class [warning] advice defined in com.jcabi.aspects.aj.ExceptionsLogger has not been applied [Xlint:adviceDidNotMatch]
	
C:\Users\N0009485\.m2\repository\com\jcabi\jcabi-aspects\0.24.1\jcabi-aspects-0.24.1.jar!com\jcabi\aspects\aj\Repeater.class [warning] advice defined in com.jcabi.aspects.aj.Repeater has not been applied [Xlint:adviceDidNotMatch]
	
C:\Users\N0009485\.m2\repository\com\jcabi\jcabi-aspects\0.24.1\jcabi-aspects-0.24.1.jar!com\jcabi\aspects\aj\MethodValidator.class [warning] advice defined in com.jcabi.aspects.aj.MethodValidator has not been applied [Xlint:adviceDidNotMatch]
	
C:\Users\N0009485\.m2\repository\com\jcabi\jcabi-aspects\0.24.1\jcabi-aspects-0.24.1.jar!com\jcabi\aspects\aj\SingleException.class [warning] advice defined in com.jcabi.aspects.aj.SingleException has not been applied [Xlint:adviceDidNotMatch]
	
C:\Users\N0009485\.m2\repository\com\jcabi\jcabi-aspects\0.24.1\jcabi-aspects-0.24.1.jar!com\jcabi\aspects\aj\MethodInterrupter.class [warning] advice defined in com.jcabi.aspects.aj.MethodInterrupter has not been applied [Xlint:adviceDidNotMatch]
	
C:\Users\N0009485\.m2\repository\com\jcabi\jcabi-aspects\0.24.1\jcabi-aspects-0.24.1.jar!com\jcabi\aspects\aj\QuietExceptionsLogger.class [warning] advice defined in com.jcabi.aspects.aj.QuietExceptionsLogger has not been applied [Xlint:adviceDidNotMatch]
	
C:\Users\N0009485\.m2\repository\com\jcabi\jcabi-aspects\0.24.1\jcabi-aspects-0.24.1.jar!com\jcabi\aspects\aj\Parallelizer.class [warning] advice defined in com.jcabi.aspects.aj.Parallelizer has not been applied [Xlint:adviceDidNotMatch]
	
C:\Users\N0009485\.m2\repository\com\jcabi\jcabi-aspects\0.24.1\jcabi-aspects-0.24.1.jar!com\jcabi\aspects\aj\MethodAsyncRunner.class [warning] advice defined in com.jcabi.aspects.aj.MethodAsyncRunner has not been applied [Xlint:adviceDidNotMatch]
	
C:\Users\N0009485\.m2\repository\com\jcabi\jcabi-aspects\0.24.1\jcabi-aspects-0.24.1.jar!com\jcabi\aspects\aj\MethodCacher.class [warning] advice defined in com.jcabi.aspects.aj.MethodCacher has not been applied [Xlint:adviceDidNotMatch]
	
Wed Dec 14 14:47:24 CET 2022
C:\Users\N0009485\.m2\repository\com\jcabi\jcabi-aspects\0.24.1\jcabi-aspects-0.24.1.jar!com\jcabi\aspects\aj\ImmutabilityChecker.class [warning] can not build thisJoinPoint lazily for this advice since it has no suitable guard [Xlint:noGuardForLazyTjp]
	
C:\Users\N0009485\.m2\repository\com\jcabi\jcabi-aspects\0.24.1\jcabi-aspects-0.24.1.jar!com\jcabi\aspects\aj\MethodCacher.class [warning] can not build thisJoinPoint lazily for this advice since it has no suitable guard [Xlint:noGuardForLazyTjp]
	
C:\Users\N0009485\.m2\repository\com\jcabi\jcabi-aspects\0.24.1\jcabi-aspects-0.24.1.jar!com\jcabi\aspects\aj\MethodCacher.class [warning] can not build thisJoinPoint lazily for this advice since it has no suitable guard [Xlint:noGuardForLazyTjp]
	
C:\Users\N0009485\.m2\repository\com\jcabi\jcabi-aspects\0.24.1\jcabi-aspects-0.24.1.jar!com\jcabi\aspects\aj\MethodScheduler.class [warning] can not build thisJoinPoint lazily for this advice since it has no suitable guard [Xlint:noGuardForLazyTjp]
	
C:\Users\N0009485\.m2\repository\com\jcabi\jcabi-aspects\0.24.1\jcabi-aspects-0.24.1.jar!com\jcabi\aspects\aj\MethodScheduler.class [warning] can not build thisJoinPoint lazily for this advice since it has no suitable guard [Xlint:noGuardForLazyTjp]
	
C:\Users\N0009485\.m2\repository\com\jcabi\jcabi-aspects\0.24.1\jcabi-aspects-0.24.1.jar!com\jcabi\aspects\aj\MethodValidator.class [warning] can not build thisJoinPoint lazily for this advice since it has no suitable guard [Xlint:noGuardForLazyTjp]
	
C:\Users\N0009485\.m2\repository\com\jcabi\jcabi-aspects\0.24.1\jcabi-aspects-0.24.1.jar!com\jcabi\aspects\aj\MethodValidator.class [warning] can not build thisJoinPoint lazily for this advice since it has no suitable guard [Xlint:noGuardForLazyTjp]
	
C:\Users\N0009485\.m2\repository\com\jcabi\jcabi-aspects\0.24.1\jcabi-aspects-0.24.1.jar!com\jcabi\aspects\aj\MethodValidator.class [warning] can not build thisJoinPoint lazily for this advice since it has no suitable guard [Xlint:noGuardForLazyTjp]
	
C:\Users\N0009485\.m2\repository\com\jcabi\jcabi-aspects\0.24.1\jcabi-aspects-0.24.1.jar!com\jcabi\aspects\aj\ImmutabilityChecker.class [warning] can not build thisJoinPoint lazily for this advice since it has no suitable guard [Xlint:noGuardForLazyTjp]
	
C:\Users\N0009485\.m2\repository\com\jcabi\jcabi-aspects\0.24.1\jcabi-aspects-0.24.1.jar!com\jcabi\aspects\aj\MethodCacher.class [warning] can not build thisJoinPoint lazily for this advice since it has no suitable guard [Xlint:noGuardForLazyTjp]
	
C:\Users\N0009485\.m2\repository\com\jcabi\jcabi-aspects\0.24.1\jcabi-aspects-0.24.1.jar!com\jcabi\aspects\aj\MethodCacher.class [warning] can not build thisJoinPoint lazily for this advice since it has no suitable guard [Xlint:noGuardForLazyTjp]
	
C:\Users\N0009485\.m2\repository\com\jcabi\jcabi-aspects\0.24.1\jcabi-aspects-0.24.1.jar!com\jcabi\aspects\aj\MethodScheduler.class [warning] can not build thisJoinPoint lazily for this advice since it has no suitable guard [Xlint:noGuardForLazyTjp]
	
C:\Users\N0009485\.m2\repository\com\jcabi\jcabi-aspects\0.24.1\jcabi-aspects-0.24.1.jar!com\jcabi\aspects\aj\MethodScheduler.class [warning] can not build thisJoinPoint lazily for this advice since it has no suitable guard [Xlint:noGuardForLazyTjp]
	
C:\Users\N0009485\.m2\repository\com\jcabi\jcabi-aspects\0.24.1\jcabi-aspects-0.24.1.jar!com\jcabi\aspects\aj\MethodValidator.class [warning] can not build thisJoinPoint lazily for this advice since it has no suitable guard [Xlint:noGuardForLazyTjp]
	
C:\Users\N0009485\.m2\repository\com\jcabi\jcabi-aspects\0.24.1\jcabi-aspects-0.24.1.jar!com\jcabi\aspects\aj\MethodValidator.class [warning] can not build thisJoinPoint lazily for this advice since it has no suitable guard [Xlint:noGuardForLazyTjp]
	
C:\Users\N0009485\.m2\repository\com\jcabi\jcabi-aspects\0.24.1\jcabi-aspects-0.24.1.jar!com\jcabi\aspects\aj\MethodValidator.class [warning] can not build thisJoinPoint lazily for this advice since it has no suitable guard [Xlint:noGuardForLazyTjp]
	
demo\RouteController.java:21 [warning] can not implement lazyTjp on this joinpoint method-execution(org.springframework.http.ResponseEntity demo.RouteController.getHello(java.lang.String)) because around advice is used [Xlint:canNotImplementLazyTjp]
	
	see also: C:\Users\N0009485\.m2\repository\com\jcabi\jcabi-aspects\0.24.1\jcabi-aspects-0.24.1.jar!com\jcabi\aspects\aj\MethodLogger.class::0
Join point 'method-execution(org.springframework.http.ResponseEntity demo.RouteController.getHello(java.lang.String))' in Type 'demo.RouteController' (RouteController.java:21) advised by around advice from 'com.jcabi.aspects.aj.MethodLogger' (jcabi-aspects-0.24.1.jar!MethodLogger.class(from MethodLogger.java)) [with runtime test]
	
demo\RouteController.java:34 [warning] can not implement lazyTjp on this joinpoint method-execution(org.springframework.http.ResponseEntity demo.RouteController.add(int, int)) because around advice is used [Xlint:canNotImplementLazyTjp]
	
	see also: C:\Users\N0009485\.m2\repository\com\jcabi\jcabi-aspects\0.24.1\jcabi-aspects-0.24.1.jar!com\jcabi\aspects\aj\MethodLogger.class::0
Join point 'method-execution(org.springframework.http.ResponseEntity demo.RouteController.add(int, int))' in Type 'demo.RouteController' (RouteController.java:34) advised by around advice from 'com.jcabi.aspects.aj.MethodLogger' (jcabi-aspects-0.24.1.jar!MethodLogger.class(from MethodLogger.java)) [with runtime test]
	
C:\Users\N0009485\.m2\repository\com\jcabi\jcabi-aspects\0.24.1\jcabi-aspects-0.24.1.jar!com\jcabi\aspects\aj\MethodLogger.class [warning] advice defined in com.jcabi.aspects.aj.MethodLogger has not been applied [Xlint:adviceDidNotMatch]
	
C:\Users\N0009485\.m2\repository\com\jcabi\jcabi-aspects\0.24.1\jcabi-aspects-0.24.1.jar!com\jcabi\aspects\aj\ImmutabilityChecker.class [warning] advice defined in com.jcabi.aspects.aj.ImmutabilityChecker has not been applied [Xlint:adviceDidNotMatch]
	
C:\Users\N0009485\.m2\repository\com\jcabi\jcabi-aspects\0.24.1\jcabi-aspects-0.24.1.jar!com\jcabi\aspects\aj\MethodScheduler.class [warning] advice defined in com.jcabi.aspects.aj.MethodScheduler has not been applied [Xlint:adviceDidNotMatch]
	
C:\Users\N0009485\.m2\repository\com\jcabi\jcabi-aspects\0.24.1\jcabi-aspects-0.24.1.jar!com\jcabi\aspects\aj\ExceptionsLogger.class [warning] advice defined in com.jcabi.aspects.aj.ExceptionsLogger has not been applied [Xlint:adviceDidNotMatch]
	
C:\Users\N0009485\.m2\repository\com\jcabi\jcabi-aspects\0.24.1\jcabi-aspects-0.24.1.jar!com\jcabi\aspects\aj\Repeater.class [warning] advice defined in com.jcabi.aspects.aj.Repeater has not been applied [Xlint:adviceDidNotMatch]
	
C:\Users\N0009485\.m2\repository\com\jcabi\jcabi-aspects\0.24.1\jcabi-aspects-0.24.1.jar!com\jcabi\aspects\aj\MethodValidator.class [warning] advice defined in com.jcabi.aspects.aj.MethodValidator has not been applied [Xlint:adviceDidNotMatch]
	
C:\Users\N0009485\.m2\repository\com\jcabi\jcabi-aspects\0.24.1\jcabi-aspects-0.24.1.jar!com\jcabi\aspects\aj\SingleException.class [warning] advice defined in com.jcabi.aspects.aj.SingleException has not been applied [Xlint:adviceDidNotMatch]
	
C:\Users\N0009485\.m2\repository\com\jcabi\jcabi-aspects\0.24.1\jcabi-aspects-0.24.1.jar!com\jcabi\aspects\aj\MethodInterrupter.class [warning] advice defined in com.jcabi.aspects.aj.MethodInterrupter has not been applied [Xlint:adviceDidNotMatch]
	
C:\Users\N0009485\.m2\repository\com\jcabi\jcabi-aspects\0.24.1\jcabi-aspects-0.24.1.jar!com\jcabi\aspects\aj\QuietExceptionsLogger.class [warning] advice defined in com.jcabi.aspects.aj.QuietExceptionsLogger has not been applied [Xlint:adviceDidNotMatch]
	
C:\Users\N0009485\.m2\repository\com\jcabi\jcabi-aspects\0.24.1\jcabi-aspects-0.24.1.jar!com\jcabi\aspects\aj\Parallelizer.class [warning] advice defined in com.jcabi.aspects.aj.Parallelizer has not been applied [Xlint:adviceDidNotMatch]
	
C:\Users\N0009485\.m2\repository\com\jcabi\jcabi-aspects\0.24.1\jcabi-aspects-0.24.1.jar!com\jcabi\aspects\aj\MethodAsyncRunner.class [warning] advice defined in com.jcabi.aspects.aj.MethodAsyncRunner has not been applied [Xlint:adviceDidNotMatch]
	
C:\Users\N0009485\.m2\repository\com\jcabi\jcabi-aspects\0.24.1\jcabi-aspects-0.24.1.jar!com\jcabi\aspects\aj\MethodCacher.class [warning] advice defined in com.jcabi.aspects.aj.MethodCacher has not been applied [Xlint:adviceDidNotMatch]
	
